[2024-10-16 07:32:43] local.ERROR: Undefined array key 1 {"exception":"[object] (ErrorException(code: 0): Undefined array key 1 at C:\\xampp\\htdocs\\semester03\\BEKEN\\praktikum04\\vendor\\laravel\\framework\\src\\Illuminate\\Foundation\\Console\\ServeCommand.php:368)
[stacktrace]
#0 C:\\xampp\\htdocs\\semester03\\BEKEN\\praktikum04\\vendor\\laravel\\framework\\src\\Illuminate\\Foundation\\Bootstrap\\HandleExceptions.php(256): Illuminate\\Foundation\\Bootstrap\\HandleExceptions->handleError(2, 'Undefined array...', 'C:\\\\xampp\\\\htdocs...', 368)
#1 C:\\xampp\\htdocs\\semester03\\BEKEN\\praktikum04\\vendor\\laravel\\framework\\src\\Illuminate\\Foundation\\Console\\ServeCommand.php(368): Illuminate\\Foundation\\Bootstrap\\HandleExceptions->Illuminate\\Foundation\\Bootstrap\\{closure}(2, 'Undefined array...', 'C:\\\\xampp\\\\htdocs...', 368)
#2 C:\\xampp\\htdocs\\semester03\\BEKEN\\praktikum04\\vendor\\laravel\\framework\\src\\Illuminate\\Foundation\\Console\\ServeCommand.php(297): Illuminate\\Foundation\\Console\\ServeCommand->getDateFromLine('[Wed Oct 16 14:...')
#3 C:\\xampp\\htdocs\\semester03\\BEKEN\\praktikum04\\vendor\\laravel\\framework\\src\\Illuminate\\Collections\\Traits\\EnumeratesValues.php(257): Illuminate\\Foundation\\Console\\ServeCommand->Illuminate\\Foundation\\Console\\{closure}('[Wed Oct 16 14:...', 0)
#4 C:\\xampp\\htdocs\\semester03\\BEKEN\\praktikum04\\vendor\\laravel\\framework\\src\\Illuminate\\Foundation\\Console\\ServeCommand.php(279): Illuminate\\Support\\Collection->each(Object(Closure))
#5 C:\\xampp\\htdocs\\semester03\\BEKEN\\praktikum04\\vendor\\laravel\\framework\\src\\Illuminate\\Foundation\\Console\\ServeCommand.php(261): Illuminate\\Foundation\\Console\\ServeCommand->flushOutputBuffer()
#6 C:\\xampp\\htdocs\\semester03\\BEKEN\\praktikum04\\vendor\\symfony\\process\\Process.php(1311): Illuminate\\Foundation\\Console\\ServeCommand->Illuminate\\Foundation\\Console\\{closure}('err', '[Wed Oct 16 14:...')
#7 C:\\xampp\\htdocs\\semester03\\BEKEN\\praktikum04\\vendor\\symfony\\process\\Process.php(1422): Symfony\\Component\\Process\\Process->Symfony\\Component\\Process\\{closure}('err', '[Wed Oct 16 14:...')
#8 C:\\xampp\\htdocs\\semester03\\BEKEN\\praktikum04\\vendor\\symfony\\process\\Process.php(1342): Symfony\\Component\\Process\\Process->readPipes(false, false)
#9 C:\\xampp\\htdocs\\semester03\\BEKEN\\praktikum04\\vendor\\symfony\\process\\Process.php(865): Symfony\\Component\\Process\\Process->updateStatus(false)
#10 C:\\xampp\\htdocs\\semester03\\BEKEN\\praktikum04\\vendor\\laravel\\framework\\src\\Illuminate\\Foundation\\Console\\ServeCommand.php(105): Symfony\\Component\\Process\\Process->isRunning()
#11 C:\\xampp\\htdocs\\semester03\\BEKEN\\praktikum04\\vendor\\laravel\\framework\\src\\Illuminate\\Container\\BoundMethod.php(36): Illuminate\\Foundation\\Console\\ServeCommand->handle()
#12 C:\\xampp\\htdocs\\semester03\\BEKEN\\praktikum04\\vendor\\laravel\\framework\\src\\Illuminate\\Container\\Util.php(43): Illuminate\\Container\\BoundMethod::Illuminate\\Container\\{closure}()
#13 C:\\xampp\\htdocs\\semester03\\BEKEN\\praktikum04\\vendor\\laravel\\framework\\src\\Illuminate\\Container\\BoundMethod.php(95): Illuminate\\Container\\Util::unwrapIfClosure(Object(Closure))
#14 C:\\xampp\\htdocs\\semester03\\BEKEN\\praktikum04\\vendor\\laravel\\framework\\src\\Illuminate\\Container\\BoundMethod.php(35): Illuminate\\Container\\BoundMethod::callBoundMethod(Object(Illuminate\\Foundation\\Application), Array, Object(Closure))
#15 C:\\xampp\\htdocs\\semester03\\BEKEN\\praktikum04\\vendor\\laravel\\framework\\src\\Illuminate\\Container\\Container.php(690): Illuminate\\Container\\BoundMethod::call(Object(Illuminate\\Foundation\\Application), Array, Array, NULL)
#16 C:\\xampp\\htdocs\\semester03\\BEKEN\\praktikum04\\vendor\\laravel\\framework\\src\\Illuminate\\Console\\Command.php(213): Illuminate\\Container\\Container->call(Array)
#17 C:\\xampp\\htdocs\\semester03\\BEKEN\\praktikum04\\vendor\\symfony\\console\\Command\\Command.php(279): Illuminate\\Console\\Command->execute(Object(Symfony\\Component\\Console\\Input\\ArgvInput), Object(Illuminate\\Console\\OutputStyle))
#18 C:\\xampp\\htdocs\\semester03\\BEKEN\\praktikum04\\vendor\\laravel\\framework\\src\\Illuminate\\Console\\Command.php(182): Symfony\\Component\\Console\\Command\\Command->run(Object(Symfony\\Component\\Console\\Input\\ArgvInput), Object(Illuminate\\Console\\OutputStyle))
#19 C:\\xampp\\htdocs\\semester03\\BEKEN\\praktikum04\\vendor\\symfony\\console\\Application.php(1047): Illuminate\\Console\\Command->run(Object(Symfony\\Component\\Console\\Input\\ArgvInput), Object(Symfony\\Component\\Console\\Output\\ConsoleOutput))
#20 C:\\xampp\\htdocs\\semester03\\BEKEN\\praktikum04\\vendor\\symfony\\console\\Application.php(316): Symfony\\Component\\Console\\Application->doRunCommand(Object(Illuminate\\Foundation\\Console\\ServeCommand), Object(Symfony\\Component\\Console\\Input\\ArgvInput), Object(Symfony\\Component\\Console\\Output\\ConsoleOutput))
#21 C:\\xampp\\htdocs\\semester03\\BEKEN\\praktikum04\\vendor\\symfony\\console\\Application.php(167): Symfony\\Component\\Console\\Application->doRun(Object(Symfony\\Component\\Console\\Input\\ArgvInput), Object(Symfony\\Component\\Console\\Output\\ConsoleOutput))
#22 C:\\xampp\\htdocs\\semester03\\BEKEN\\praktikum04\\vendor\\laravel\\framework\\src\\Illuminate\\Foundation\\Console\\Kernel.php(197): Symfony\\Component\\Console\\Application->run(Object(Symfony\\Component\\Console\\Input\\ArgvInput), Object(Symfony\\Component\\Console\\Output\\ConsoleOutput))
#23 C:\\xampp\\htdocs\\semester03\\BEKEN\\praktikum04\\vendor\\laravel\\framework\\src\\Illuminate\\Foundation\\Application.php(1203): Illuminate\\Foundation\\Console\\Kernel->handle(Object(Symfony\\Component\\Console\\Input\\ArgvInput), Object(Symfony\\Component\\Console\\Output\\ConsoleOutput))
#24 C:\\xampp\\htdocs\\semester03\\BEKEN\\praktikum04\\artisan(13): Illuminate\\Foundation\\Application->handleCommand(Object(Symfony\\Component\\Console\\Input\\ArgvInput))
#25 {main}
"} 
[2024-10-16 07:36:20] local.ERROR: Undefined array key 1 {"exception":"[object] (ErrorException(code: 0): Undefined array key 1 at C:\\xampp\\htdocs\\semester03\\BEKEN\\praktikum04\\vendor\\laravel\\framework\\src\\Illuminate\\Foundation\\Console\\ServeCommand.php:368)
[stacktrace]
#0 C:\\xampp\\htdocs\\semester03\\BEKEN\\praktikum04\\vendor\\laravel\\framework\\src\\Illuminate\\Foundation\\Bootstrap\\HandleExceptions.php(256): Illuminate\\Foundation\\Bootstrap\\HandleExceptions->handleError(2, 'Undefined array...', 'C:\\\\xampp\\\\htdocs...', 368)
#1 C:\\xampp\\htdocs\\semester03\\BEKEN\\praktikum04\\vendor\\laravel\\framework\\src\\Illuminate\\Foundation\\Console\\ServeCommand.php(368): Illuminate\\Foundation\\Bootstrap\\HandleExceptions->Illuminate\\Foundation\\Bootstrap\\{closure}(2, 'Undefined array...', 'C:\\\\xampp\\\\htdocs...', 368)
#2 C:\\xampp\\htdocs\\semester03\\BEKEN\\praktikum04\\vendor\\laravel\\framework\\src\\Illuminate\\Foundation\\Console\\ServeCommand.php(297): Illuminate\\Foundation\\Console\\ServeCommand->getDateFromLine('[Wed Oct 16 14:...')
#3 C:\\xampp\\htdocs\\semester03\\BEKEN\\praktikum04\\vendor\\laravel\\framework\\src\\Illuminate\\Collections\\Traits\\EnumeratesValues.php(257): Illuminate\\Foundation\\Console\\ServeCommand->Illuminate\\Foundation\\Console\\{closure}('[Wed Oct 16 14:...', 0)
#4 C:\\xampp\\htdocs\\semester03\\BEKEN\\praktikum04\\vendor\\laravel\\framework\\src\\Illuminate\\Foundation\\Console\\ServeCommand.php(279): Illuminate\\Support\\Collection->each(Object(Closure))
#5 C:\\xampp\\htdocs\\semester03\\BEKEN\\praktikum04\\vendor\\laravel\\framework\\src\\Illuminate\\Foundation\\Console\\ServeCommand.php(261): Illuminate\\Foundation\\Console\\ServeCommand->flushOutputBuffer()
#6 C:\\xampp\\htdocs\\semester03\\BEKEN\\praktikum04\\vendor\\symfony\\process\\Process.php(1311): Illuminate\\Foundation\\Console\\ServeCommand->Illuminate\\Foundation\\Console\\{closure}('err', '[Wed Oct 16 14:...')
#7 C:\\xampp\\htdocs\\semester03\\BEKEN\\praktikum04\\vendor\\symfony\\process\\Process.php(1422): Symfony\\Component\\Process\\Process->Symfony\\Component\\Process\\{closure}('err', '[Wed Oct 16 14:...')
#8 C:\\xampp\\htdocs\\semester03\\BEKEN\\praktikum04\\vendor\\symfony\\process\\Process.php(1342): Symfony\\Component\\Process\\Process->readPipes(false, false)
#9 C:\\xampp\\htdocs\\semester03\\BEKEN\\praktikum04\\vendor\\symfony\\process\\Process.php(865): Symfony\\Component\\Process\\Process->updateStatus(false)
#10 C:\\xampp\\htdocs\\semester03\\BEKEN\\praktikum04\\vendor\\laravel\\framework\\src\\Illuminate\\Foundation\\Console\\ServeCommand.php(105): Symfony\\Component\\Process\\Process->isRunning()
#11 C:\\xampp\\htdocs\\semester03\\BEKEN\\praktikum04\\vendor\\laravel\\framework\\src\\Illuminate\\Container\\BoundMethod.php(36): Illuminate\\Foundation\\Console\\ServeCommand->handle()
#12 C:\\xampp\\htdocs\\semester03\\BEKEN\\praktikum04\\vendor\\laravel\\framework\\src\\Illuminate\\Container\\Util.php(43): Illuminate\\Container\\BoundMethod::Illuminate\\Container\\{closure}()
#13 C:\\xampp\\htdocs\\semester03\\BEKEN\\praktikum04\\vendor\\laravel\\framework\\src\\Illuminate\\Container\\BoundMethod.php(95): Illuminate\\Container\\Util::unwrapIfClosure(Object(Closure))
#14 C:\\xampp\\htdocs\\semester03\\BEKEN\\praktikum04\\vendor\\laravel\\framework\\src\\Illuminate\\Container\\BoundMethod.php(35): Illuminate\\Container\\BoundMethod::callBoundMethod(Object(Illuminate\\Foundation\\Application), Array, Object(Closure))
#15 C:\\xampp\\htdocs\\semester03\\BEKEN\\praktikum04\\vendor\\laravel\\framework\\src\\Illuminate\\Container\\Container.php(690): Illuminate\\Container\\BoundMethod::call(Object(Illuminate\\Foundation\\Application), Array, Array, NULL)
#16 C:\\xampp\\htdocs\\semester03\\BEKEN\\praktikum04\\vendor\\laravel\\framework\\src\\Illuminate\\Console\\Command.php(213): Illuminate\\Container\\Container->call(Array)
#17 C:\\xampp\\htdocs\\semester03\\BEKEN\\praktikum04\\vendor\\symfony\\console\\Command\\Command.php(279): Illuminate\\Console\\Command->execute(Object(Symfony\\Component\\Console\\Input\\ArgvInput), Object(Illuminate\\Console\\OutputStyle))
#18 C:\\xampp\\htdocs\\semester03\\BEKEN\\praktikum04\\vendor\\laravel\\framework\\src\\Illuminate\\Console\\Command.php(182): Symfony\\Component\\Console\\Command\\Command->run(Object(Symfony\\Component\\Console\\Input\\ArgvInput), Object(Illuminate\\Console\\OutputStyle))
#19 C:\\xampp\\htdocs\\semester03\\BEKEN\\praktikum04\\vendor\\symfony\\console\\Application.php(1047): Illuminate\\Console\\Command->run(Object(Symfony\\Component\\Console\\Input\\ArgvInput), Object(Symfony\\Component\\Console\\Output\\ConsoleOutput))
#20 C:\\xampp\\htdocs\\semester03\\BEKEN\\praktikum04\\vendor\\symfony\\console\\Application.php(316): Symfony\\Component\\Console\\Application->doRunCommand(Object(Illuminate\\Foundation\\Console\\ServeCommand), Object(Symfony\\Component\\Console\\Input\\ArgvInput), Object(Symfony\\Component\\Console\\Output\\ConsoleOutput))
#21 C:\\xampp\\htdocs\\semester03\\BEKEN\\praktikum04\\vendor\\symfony\\console\\Application.php(167): Symfony\\Component\\Console\\Application->doRun(Object(Symfony\\Component\\Console\\Input\\ArgvInput), Object(Symfony\\Component\\Console\\Output\\ConsoleOutput))
#22 C:\\xampp\\htdocs\\semester03\\BEKEN\\praktikum04\\vendor\\laravel\\framework\\src\\Illuminate\\Foundation\\Console\\Kernel.php(197): Symfony\\Component\\Console\\Application->run(Object(Symfony\\Component\\Console\\Input\\ArgvInput), Object(Symfony\\Component\\Console\\Output\\ConsoleOutput))
#23 C:\\xampp\\htdocs\\semester03\\BEKEN\\praktikum04\\vendor\\laravel\\framework\\src\\Illuminate\\Foundation\\Application.php(1203): Illuminate\\Foundation\\Console\\Kernel->handle(Object(Symfony\\Component\\Console\\Input\\ArgvInput), Object(Symfony\\Component\\Console\\Output\\ConsoleOutput))
#24 C:\\xampp\\htdocs\\semester03\\BEKEN\\praktikum04\\artisan(13): Illuminate\\Foundation\\Application->handleCommand(Object(Symfony\\Component\\Console\\Input\\ArgvInput))
#25 {main}
"} 
[2024-10-16 07:45:13] local.ERROR: Undefined array key 1 {"exception":"[object] (ErrorException(code: 0): Undefined array key 1 at C:\\xampp\\htdocs\\semester03\\BEKEN\\praktikum04\\vendor\\laravel\\framework\\src\\Illuminate\\Foundation\\Console\\ServeCommand.php:368)
[stacktrace]
#0 C:\\xampp\\htdocs\\semester03\\BEKEN\\praktikum04\\vendor\\laravel\\framework\\src\\Illuminate\\Foundation\\Bootstrap\\HandleExceptions.php(256): Illuminate\\Foundation\\Bootstrap\\HandleExceptions->handleError(2, 'Undefined array...', 'C:\\\\xampp\\\\htdocs...', 368)
#1 C:\\xampp\\htdocs\\semester03\\BEKEN\\praktikum04\\vendor\\laravel\\framework\\src\\Illuminate\\Foundation\\Console\\ServeCommand.php(368): Illuminate\\Foundation\\Bootstrap\\HandleExceptions->Illuminate\\Foundation\\Bootstrap\\{closure}(2, 'Undefined array...', 'C:\\\\xampp\\\\htdocs...', 368)
#2 C:\\xampp\\htdocs\\semester03\\BEKEN\\praktikum04\\vendor\\laravel\\framework\\src\\Illuminate\\Foundation\\Console\\ServeCommand.php(297): Illuminate\\Foundation\\Console\\ServeCommand->getDateFromLine('[Wed Oct 16 14:...')
#3 C:\\xampp\\htdocs\\semester03\\BEKEN\\praktikum04\\vendor\\laravel\\framework\\src\\Illuminate\\Collections\\Traits\\EnumeratesValues.php(257): Illuminate\\Foundation\\Console\\ServeCommand->Illuminate\\Foundation\\Console\\{closure}('[Wed Oct 16 14:...', 0)
#4 C:\\xampp\\htdocs\\semester03\\BEKEN\\praktikum04\\vendor\\laravel\\framework\\src\\Illuminate\\Foundation\\Console\\ServeCommand.php(279): Illuminate\\Support\\Collection->each(Object(Closure))
#5 C:\\xampp\\htdocs\\semester03\\BEKEN\\praktikum04\\vendor\\laravel\\framework\\src\\Illuminate\\Foundation\\Console\\ServeCommand.php(261): Illuminate\\Foundation\\Console\\ServeCommand->flushOutputBuffer()
#6 C:\\xampp\\htdocs\\semester03\\BEKEN\\praktikum04\\vendor\\symfony\\process\\Process.php(1311): Illuminate\\Foundation\\Console\\ServeCommand->Illuminate\\Foundation\\Console\\{closure}('err', '[Wed Oct 16 14:...')
#7 C:\\xampp\\htdocs\\semester03\\BEKEN\\praktikum04\\vendor\\symfony\\process\\Process.php(1422): Symfony\\Component\\Process\\Process->Symfony\\Component\\Process\\{closure}('err', '[Wed Oct 16 14:...')
#8 C:\\xampp\\htdocs\\semester03\\BEKEN\\praktikum04\\vendor\\symfony\\process\\Process.php(1342): Symfony\\Component\\Process\\Process->readPipes(false, false)
#9 C:\\xampp\\htdocs\\semester03\\BEKEN\\praktikum04\\vendor\\symfony\\process\\Process.php(865): Symfony\\Component\\Process\\Process->updateStatus(false)
#10 C:\\xampp\\htdocs\\semester03\\BEKEN\\praktikum04\\vendor\\laravel\\framework\\src\\Illuminate\\Foundation\\Console\\ServeCommand.php(105): Symfony\\Component\\Process\\Process->isRunning()
#11 C:\\xampp\\htdocs\\semester03\\BEKEN\\praktikum04\\vendor\\laravel\\framework\\src\\Illuminate\\Container\\BoundMethod.php(36): Illuminate\\Foundation\\Console\\ServeCommand->handle()
#12 C:\\xampp\\htdocs\\semester03\\BEKEN\\praktikum04\\vendor\\laravel\\framework\\src\\Illuminate\\Container\\Util.php(43): Illuminate\\Container\\BoundMethod::Illuminate\\Container\\{closure}()
#13 C:\\xampp\\htdocs\\semester03\\BEKEN\\praktikum04\\vendor\\laravel\\framework\\src\\Illuminate\\Container\\BoundMethod.php(95): Illuminate\\Container\\Util::unwrapIfClosure(Object(Closure))
#14 C:\\xampp\\htdocs\\semester03\\BEKEN\\praktikum04\\vendor\\laravel\\framework\\src\\Illuminate\\Container\\BoundMethod.php(35): Illuminate\\Container\\BoundMethod::callBoundMethod(Object(Illuminate\\Foundation\\Application), Array, Object(Closure))
#15 C:\\xampp\\htdocs\\semester03\\BEKEN\\praktikum04\\vendor\\laravel\\framework\\src\\Illuminate\\Container\\Container.php(690): Illuminate\\Container\\BoundMethod::call(Object(Illuminate\\Foundation\\Application), Array, Array, NULL)
#16 C:\\xampp\\htdocs\\semester03\\BEKEN\\praktikum04\\vendor\\laravel\\framework\\src\\Illuminate\\Console\\Command.php(213): Illuminate\\Container\\Container->call(Array)
#17 C:\\xampp\\htdocs\\semester03\\BEKEN\\praktikum04\\vendor\\symfony\\console\\Command\\Command.php(279): Illuminate\\Console\\Command->execute(Object(Symfony\\Component\\Console\\Input\\ArgvInput), Object(Illuminate\\Console\\OutputStyle))
#18 C:\\xampp\\htdocs\\semester03\\BEKEN\\praktikum04\\vendor\\laravel\\framework\\src\\Illuminate\\Console\\Command.php(182): Symfony\\Component\\Console\\Command\\Command->run(Object(Symfony\\Component\\Console\\Input\\ArgvInput), Object(Illuminate\\Console\\OutputStyle))
#19 C:\\xampp\\htdocs\\semester03\\BEKEN\\praktikum04\\vendor\\symfony\\console\\Application.php(1047): Illuminate\\Console\\Command->run(Object(Symfony\\Component\\Console\\Input\\ArgvInput), Object(Symfony\\Component\\Console\\Output\\ConsoleOutput))
#20 C:\\xampp\\htdocs\\semester03\\BEKEN\\praktikum04\\vendor\\symfony\\console\\Application.php(316): Symfony\\Component\\Console\\Application->doRunCommand(Object(Illuminate\\Foundation\\Console\\ServeCommand), Object(Symfony\\Component\\Console\\Input\\ArgvInput), Object(Symfony\\Component\\Console\\Output\\ConsoleOutput))
#21 C:\\xampp\\htdocs\\semester03\\BEKEN\\praktikum04\\vendor\\symfony\\console\\Application.php(167): Symfony\\Component\\Console\\Application->doRun(Object(Symfony\\Component\\Console\\Input\\ArgvInput), Object(Symfony\\Component\\Console\\Output\\ConsoleOutput))
#22 C:\\xampp\\htdocs\\semester03\\BEKEN\\praktikum04\\vendor\\laravel\\framework\\src\\Illuminate\\Foundation\\Console\\Kernel.php(197): Symfony\\Component\\Console\\Application->run(Object(Symfony\\Component\\Console\\Input\\ArgvInput), Object(Symfony\\Component\\Console\\Output\\ConsoleOutput))
#23 C:\\xampp\\htdocs\\semester03\\BEKEN\\praktikum04\\vendor\\laravel\\framework\\src\\Illuminate\\Foundation\\Application.php(1203): Illuminate\\Foundation\\Console\\Kernel->handle(Object(Symfony\\Component\\Console\\Input\\ArgvInput), Object(Symfony\\Component\\Console\\Output\\ConsoleOutput))
#24 C:\\xampp\\htdocs\\semester03\\BEKEN\\praktikum04\\artisan(13): Illuminate\\Foundation\\Application->handleCommand(Object(Symfony\\Component\\Console\\Input\\ArgvInput))
#25 {main}
"} 
[2024-10-16 07:56:45] local.ERROR: Undefined array key 1 {"exception":"[object] (ErrorException(code: 0): Undefined array key 1 at C:\\xampp\\htdocs\\semester03\\BEKEN\\praktikum04\\vendor\\laravel\\framework\\src\\Illuminate\\Foundation\\Console\\ServeCommand.php:368)
[stacktrace]
#0 C:\\xampp\\htdocs\\semester03\\BEKEN\\praktikum04\\vendor\\laravel\\framework\\src\\Illuminate\\Foundation\\Bootstrap\\HandleExceptions.php(256): Illuminate\\Foundation\\Bootstrap\\HandleExceptions->handleError(2, 'Undefined array...', 'C:\\\\xampp\\\\htdocs...', 368)
#1 C:\\xampp\\htdocs\\semester03\\BEKEN\\praktikum04\\vendor\\laravel\\framework\\src\\Illuminate\\Foundation\\Console\\ServeCommand.php(368): Illuminate\\Foundation\\Bootstrap\\HandleExceptions->Illuminate\\Foundation\\Bootstrap\\{closure}(2, 'Undefined array...', 'C:\\\\xampp\\\\htdocs...', 368)
#2 C:\\xampp\\htdocs\\semester03\\BEKEN\\praktikum04\\vendor\\laravel\\framework\\src\\Illuminate\\Foundation\\Console\\ServeCommand.php(297): Illuminate\\Foundation\\Console\\ServeCommand->getDateFromLine('[Wed Oct 16 14:...')
#3 C:\\xampp\\htdocs\\semester03\\BEKEN\\praktikum04\\vendor\\laravel\\framework\\src\\Illuminate\\Collections\\Traits\\EnumeratesValues.php(257): Illuminate\\Foundation\\Console\\ServeCommand->Illuminate\\Foundation\\Console\\{closure}('[Wed Oct 16 14:...', 0)
#4 C:\\xampp\\htdocs\\semester03\\BEKEN\\praktikum04\\vendor\\laravel\\framework\\src\\Illuminate\\Foundation\\Console\\ServeCommand.php(279): Illuminate\\Support\\Collection->each(Object(Closure))
#5 C:\\xampp\\htdocs\\semester03\\BEKEN\\praktikum04\\vendor\\laravel\\framework\\src\\Illuminate\\Foundation\\Console\\ServeCommand.php(261): Illuminate\\Foundation\\Console\\ServeCommand->flushOutputBuffer()
#6 C:\\xampp\\htdocs\\semester03\\BEKEN\\praktikum04\\vendor\\symfony\\process\\Process.php(1311): Illuminate\\Foundation\\Console\\ServeCommand->Illuminate\\Foundation\\Console\\{closure}('err', '[Wed Oct 16 14:...')
#7 C:\\xampp\\htdocs\\semester03\\BEKEN\\praktikum04\\vendor\\symfony\\process\\Process.php(1422): Symfony\\Component\\Process\\Process->Symfony\\Component\\Process\\{closure}('err', '[Wed Oct 16 14:...')
#8 C:\\xampp\\htdocs\\semester03\\BEKEN\\praktikum04\\vendor\\symfony\\process\\Process.php(1342): Symfony\\Component\\Process\\Process->readPipes(false, false)
#9 C:\\xampp\\htdocs\\semester03\\BEKEN\\praktikum04\\vendor\\symfony\\process\\Process.php(865): Symfony\\Component\\Process\\Process->updateStatus(false)
#10 C:\\xampp\\htdocs\\semester03\\BEKEN\\praktikum04\\vendor\\laravel\\framework\\src\\Illuminate\\Foundation\\Console\\ServeCommand.php(105): Symfony\\Component\\Process\\Process->isRunning()
#11 C:\\xampp\\htdocs\\semester03\\BEKEN\\praktikum04\\vendor\\laravel\\framework\\src\\Illuminate\\Container\\BoundMethod.php(36): Illuminate\\Foundation\\Console\\ServeCommand->handle()
#12 C:\\xampp\\htdocs\\semester03\\BEKEN\\praktikum04\\vendor\\laravel\\framework\\src\\Illuminate\\Container\\Util.php(43): Illuminate\\Container\\BoundMethod::Illuminate\\Container\\{closure}()
#13 C:\\xampp\\htdocs\\semester03\\BEKEN\\praktikum04\\vendor\\laravel\\framework\\src\\Illuminate\\Container\\BoundMethod.php(95): Illuminate\\Container\\Util::unwrapIfClosure(Object(Closure))
#14 C:\\xampp\\htdocs\\semester03\\BEKEN\\praktikum04\\vendor\\laravel\\framework\\src\\Illuminate\\Container\\BoundMethod.php(35): Illuminate\\Container\\BoundMethod::callBoundMethod(Object(Illuminate\\Foundation\\Application), Array, Object(Closure))
#15 C:\\xampp\\htdocs\\semester03\\BEKEN\\praktikum04\\vendor\\laravel\\framework\\src\\Illuminate\\Container\\Container.php(690): Illuminate\\Container\\BoundMethod::call(Object(Illuminate\\Foundation\\Application), Array, Array, NULL)
#16 C:\\xampp\\htdocs\\semester03\\BEKEN\\praktikum04\\vendor\\laravel\\framework\\src\\Illuminate\\Console\\Command.php(213): Illuminate\\Container\\Container->call(Array)
#17 C:\\xampp\\htdocs\\semester03\\BEKEN\\praktikum04\\vendor\\symfony\\console\\Command\\Command.php(279): Illuminate\\Console\\Command->execute(Object(Symfony\\Component\\Console\\Input\\ArgvInput), Object(Illuminate\\Console\\OutputStyle))
#18 C:\\xampp\\htdocs\\semester03\\BEKEN\\praktikum04\\vendor\\laravel\\framework\\src\\Illuminate\\Console\\Command.php(182): Symfony\\Component\\Console\\Command\\Command->run(Object(Symfony\\Component\\Console\\Input\\ArgvInput), Object(Illuminate\\Console\\OutputStyle))
#19 C:\\xampp\\htdocs\\semester03\\BEKEN\\praktikum04\\vendor\\symfony\\console\\Application.php(1047): Illuminate\\Console\\Command->run(Object(Symfony\\Component\\Console\\Input\\ArgvInput), Object(Symfony\\Component\\Console\\Output\\ConsoleOutput))
#20 C:\\xampp\\htdocs\\semester03\\BEKEN\\praktikum04\\vendor\\symfony\\console\\Application.php(316): Symfony\\Component\\Console\\Application->doRunCommand(Object(Illuminate\\Foundation\\Console\\ServeCommand), Object(Symfony\\Component\\Console\\Input\\ArgvInput), Object(Symfony\\Component\\Console\\Output\\ConsoleOutput))
#21 C:\\xampp\\htdocs\\semester03\\BEKEN\\praktikum04\\vendor\\symfony\\console\\Application.php(167): Symfony\\Component\\Console\\Application->doRun(Object(Symfony\\Component\\Console\\Input\\ArgvInput), Object(Symfony\\Component\\Console\\Output\\ConsoleOutput))
#22 C:\\xampp\\htdocs\\semester03\\BEKEN\\praktikum04\\vendor\\laravel\\framework\\src\\Illuminate\\Foundation\\Console\\Kernel.php(197): Symfony\\Component\\Console\\Application->run(Object(Symfony\\Component\\Console\\Input\\ArgvInput), Object(Symfony\\Component\\Console\\Output\\ConsoleOutput))
#23 C:\\xampp\\htdocs\\semester03\\BEKEN\\praktikum04\\vendor\\laravel\\framework\\src\\Illuminate\\Foundation\\Application.php(1203): Illuminate\\Foundation\\Console\\Kernel->handle(Object(Symfony\\Component\\Console\\Input\\ArgvInput), Object(Symfony\\Component\\Console\\Output\\ConsoleOutput))
#24 C:\\xampp\\htdocs\\semester03\\BEKEN\\praktikum04\\artisan(13): Illuminate\\Foundation\\Application->handleCommand(Object(Symfony\\Component\\Console\\Input\\ArgvInput))
#25 {main}
"} 
[2024-10-16 07:57:34] local.ERROR: Undefined array key 1 {"exception":"[object] (ErrorException(code: 0): Undefined array key 1 at C:\\xampp\\htdocs\\semester03\\BEKEN\\praktikum04\\vendor\\laravel\\framework\\src\\Illuminate\\Foundation\\Console\\ServeCommand.php:368)
[stacktrace]
#0 C:\\xampp\\htdocs\\semester03\\BEKEN\\praktikum04\\vendor\\laravel\\framework\\src\\Illuminate\\Foundation\\Bootstrap\\HandleExceptions.php(256): Illuminate\\Foundation\\Bootstrap\\HandleExceptions->handleError(2, 'Undefined array...', 'C:\\\\xampp\\\\htdocs...', 368)
#1 C:\\xampp\\htdocs\\semester03\\BEKEN\\praktikum04\\vendor\\laravel\\framework\\src\\Illuminate\\Foundation\\Console\\ServeCommand.php(368): Illuminate\\Foundation\\Bootstrap\\HandleExceptions->Illuminate\\Foundation\\Bootstrap\\{closure}(2, 'Undefined array...', 'C:\\\\xampp\\\\htdocs...', 368)
#2 C:\\xampp\\htdocs\\semester03\\BEKEN\\praktikum04\\vendor\\laravel\\framework\\src\\Illuminate\\Foundation\\Console\\ServeCommand.php(297): Illuminate\\Foundation\\Console\\ServeCommand->getDateFromLine('[Wed Oct 16 14:...')
#3 C:\\xampp\\htdocs\\semester03\\BEKEN\\praktikum04\\vendor\\laravel\\framework\\src\\Illuminate\\Collections\\Traits\\EnumeratesValues.php(257): Illuminate\\Foundation\\Console\\ServeCommand->Illuminate\\Foundation\\Console\\{closure}('[Wed Oct 16 14:...', 0)
#4 C:\\xampp\\htdocs\\semester03\\BEKEN\\praktikum04\\vendor\\laravel\\framework\\src\\Illuminate\\Foundation\\Console\\ServeCommand.php(279): Illuminate\\Support\\Collection->each(Object(Closure))
#5 C:\\xampp\\htdocs\\semester03\\BEKEN\\praktikum04\\vendor\\laravel\\framework\\src\\Illuminate\\Foundation\\Console\\ServeCommand.php(261): Illuminate\\Foundation\\Console\\ServeCommand->flushOutputBuffer()
#6 C:\\xampp\\htdocs\\semester03\\BEKEN\\praktikum04\\vendor\\symfony\\process\\Process.php(1311): Illuminate\\Foundation\\Console\\ServeCommand->Illuminate\\Foundation\\Console\\{closure}('err', '[Wed Oct 16 14:...')
#7 C:\\xampp\\htdocs\\semester03\\BEKEN\\praktikum04\\vendor\\symfony\\process\\Process.php(1422): Symfony\\Component\\Process\\Process->Symfony\\Component\\Process\\{closure}('err', '[Wed Oct 16 14:...')
#8 C:\\xampp\\htdocs\\semester03\\BEKEN\\praktikum04\\vendor\\symfony\\process\\Process.php(1342): Symfony\\Component\\Process\\Process->readPipes(false, false)
#9 C:\\xampp\\htdocs\\semester03\\BEKEN\\praktikum04\\vendor\\symfony\\process\\Process.php(865): Symfony\\Component\\Process\\Process->updateStatus(false)
#10 C:\\xampp\\htdocs\\semester03\\BEKEN\\praktikum04\\vendor\\laravel\\framework\\src\\Illuminate\\Foundation\\Console\\ServeCommand.php(105): Symfony\\Component\\Process\\Process->isRunning()
#11 C:\\xampp\\htdocs\\semester03\\BEKEN\\praktikum04\\vendor\\laravel\\framework\\src\\Illuminate\\Container\\BoundMethod.php(36): Illuminate\\Foundation\\Console\\ServeCommand->handle()
#12 C:\\xampp\\htdocs\\semester03\\BEKEN\\praktikum04\\vendor\\laravel\\framework\\src\\Illuminate\\Container\\Util.php(43): Illuminate\\Container\\BoundMethod::Illuminate\\Container\\{closure}()
#13 C:\\xampp\\htdocs\\semester03\\BEKEN\\praktikum04\\vendor\\laravel\\framework\\src\\Illuminate\\Container\\BoundMethod.php(95): Illuminate\\Container\\Util::unwrapIfClosure(Object(Closure))
#14 C:\\xampp\\htdocs\\semester03\\BEKEN\\praktikum04\\vendor\\laravel\\framework\\src\\Illuminate\\Container\\BoundMethod.php(35): Illuminate\\Container\\BoundMethod::callBoundMethod(Object(Illuminate\\Foundation\\Application), Array, Object(Closure))
#15 C:\\xampp\\htdocs\\semester03\\BEKEN\\praktikum04\\vendor\\laravel\\framework\\src\\Illuminate\\Container\\Container.php(690): Illuminate\\Container\\BoundMethod::call(Object(Illuminate\\Foundation\\Application), Array, Array, NULL)
#16 C:\\xampp\\htdocs\\semester03\\BEKEN\\praktikum04\\vendor\\laravel\\framework\\src\\Illuminate\\Console\\Command.php(213): Illuminate\\Container\\Container->call(Array)
#17 C:\\xampp\\htdocs\\semester03\\BEKEN\\praktikum04\\vendor\\symfony\\console\\Command\\Command.php(279): Illuminate\\Console\\Command->execute(Object(Symfony\\Component\\Console\\Input\\ArgvInput), Object(Illuminate\\Console\\OutputStyle))
#18 C:\\xampp\\htdocs\\semester03\\BEKEN\\praktikum04\\vendor\\laravel\\framework\\src\\Illuminate\\Console\\Command.php(182): Symfony\\Component\\Console\\Command\\Command->run(Object(Symfony\\Component\\Console\\Input\\ArgvInput), Object(Illuminate\\Console\\OutputStyle))
#19 C:\\xampp\\htdocs\\semester03\\BEKEN\\praktikum04\\vendor\\symfony\\console\\Application.php(1047): Illuminate\\Console\\Command->run(Object(Symfony\\Component\\Console\\Input\\ArgvInput), Object(Symfony\\Component\\Console\\Output\\ConsoleOutput))
#20 C:\\xampp\\htdocs\\semester03\\BEKEN\\praktikum04\\vendor\\symfony\\console\\Application.php(316): Symfony\\Component\\Console\\Application->doRunCommand(Object(Illuminate\\Foundation\\Console\\ServeCommand), Object(Symfony\\Component\\Console\\Input\\ArgvInput), Object(Symfony\\Component\\Console\\Output\\ConsoleOutput))
#21 C:\\xampp\\htdocs\\semester03\\BEKEN\\praktikum04\\vendor\\symfony\\console\\Application.php(167): Symfony\\Component\\Console\\Application->doRun(Object(Symfony\\Component\\Console\\Input\\ArgvInput), Object(Symfony\\Component\\Console\\Output\\ConsoleOutput))
#22 C:\\xampp\\htdocs\\semester03\\BEKEN\\praktikum04\\vendor\\laravel\\framework\\src\\Illuminate\\Foundation\\Console\\Kernel.php(197): Symfony\\Component\\Console\\Application->run(Object(Symfony\\Component\\Console\\Input\\ArgvInput), Object(Symfony\\Component\\Console\\Output\\ConsoleOutput))
#23 C:\\xampp\\htdocs\\semester03\\BEKEN\\praktikum04\\vendor\\laravel\\framework\\src\\Illuminate\\Foundation\\Application.php(1203): Illuminate\\Foundation\\Console\\Kernel->handle(Object(Symfony\\Component\\Console\\Input\\ArgvInput), Object(Symfony\\Component\\Console\\Output\\ConsoleOutput))
#24 C:\\xampp\\htdocs\\semester03\\BEKEN\\praktikum04\\artisan(13): Illuminate\\Foundation\\Application->handleCommand(Object(Symfony\\Component\\Console\\Input\\ArgvInput))
#25 {main}
"} 
[2024-10-16 08:04:27] local.ERROR: preg_match(): Compilation failed: unmatched closing parenthesis at offset 9 {"exception":"[object] (ErrorException(code: 0): preg_match(): Compilation failed: unmatched closing parenthesis at offset 9 at C:\\xampp\\htdocs\\semester03\\BEKEN\\praktikum04\\vendor\\laravel\\framework\\src\\Illuminate\\Foundation\\Console\\ServeCommand.php:360)
[stacktrace]
#0 C:\\xampp\\htdocs\\semester03\\BEKEN\\praktikum04\\vendor\\laravel\\framework\\src\\Illuminate\\Foundation\\Bootstrap\\HandleExceptions.php(256): Illuminate\\Foundation\\Bootstrap\\HandleExceptions->handleError(2, 'preg_match(): C...', 'C:\\\\xampp\\\\htdocs...', 360)
#1 [internal function]: Illuminate\\Foundation\\Bootstrap\\HandleExceptions->Illuminate\\Foundation\\Bootstrap\\{closure}(2, 'preg_match(): C...', 'C:\\\\xampp\\\\htdocs...', 360)
#2 C:\\xampp\\htdocs\\semester03\\BEKEN\\praktikum04\\vendor\\laravel\\framework\\src\\Illuminate\\Foundation\\Console\\ServeCommand.php(360): preg_match('/^[([^\\\\]]+)]/', '[Wed Oct 16 15:...', NULL)
#3 C:\\xampp\\htdocs\\semester03\\BEKEN\\praktikum04\\vendor\\laravel\\framework\\src\\Illuminate\\Foundation\\Console\\ServeCommand.php(297): Illuminate\\Foundation\\Console\\ServeCommand->getDateFromLine('[Wed Oct 16 15:...')
#4 C:\\xampp\\htdocs\\semester03\\BEKEN\\praktikum04\\vendor\\laravel\\framework\\src\\Illuminate\\Collections\\Traits\\EnumeratesValues.php(257): Illuminate\\Foundation\\Console\\ServeCommand->Illuminate\\Foundation\\Console\\{closure}('[Wed Oct 16 15:...', 0)
#5 C:\\xampp\\htdocs\\semester03\\BEKEN\\praktikum04\\vendor\\laravel\\framework\\src\\Illuminate\\Foundation\\Console\\ServeCommand.php(279): Illuminate\\Support\\Collection->each(Object(Closure))
#6 C:\\xampp\\htdocs\\semester03\\BEKEN\\praktikum04\\vendor\\laravel\\framework\\src\\Illuminate\\Foundation\\Console\\ServeCommand.php(261): Illuminate\\Foundation\\Console\\ServeCommand->flushOutputBuffer()
#7 C:\\xampp\\htdocs\\semester03\\BEKEN\\praktikum04\\vendor\\symfony\\process\\Process.php(1311): Illuminate\\Foundation\\Console\\ServeCommand->Illuminate\\Foundation\\Console\\{closure}('err', '[Wed Oct 16 15:...')
#8 C:\\xampp\\htdocs\\semester03\\BEKEN\\praktikum04\\vendor\\symfony\\process\\Process.php(1422): Symfony\\Component\\Process\\Process->Symfony\\Component\\Process\\{closure}('err', '[Wed Oct 16 15:...')
#9 C:\\xampp\\htdocs\\semester03\\BEKEN\\praktikum04\\vendor\\symfony\\process\\Process.php(1342): Symfony\\Component\\Process\\Process->readPipes(false, false)
#10 C:\\xampp\\htdocs\\semester03\\BEKEN\\praktikum04\\vendor\\symfony\\process\\Process.php(865): Symfony\\Component\\Process\\Process->updateStatus(false)
#11 C:\\xampp\\htdocs\\semester03\\BEKEN\\praktikum04\\vendor\\laravel\\framework\\src\\Illuminate\\Foundation\\Console\\ServeCommand.php(105): Symfony\\Component\\Process\\Process->isRunning()
#12 C:\\xampp\\htdocs\\semester03\\BEKEN\\praktikum04\\vendor\\laravel\\framework\\src\\Illuminate\\Container\\BoundMethod.php(36): Illuminate\\Foundation\\Console\\ServeCommand->handle()
#13 C:\\xampp\\htdocs\\semester03\\BEKEN\\praktikum04\\vendor\\laravel\\framework\\src\\Illuminate\\Container\\Util.php(43): Illuminate\\Container\\BoundMethod::Illuminate\\Container\\{closure}()
#14 C:\\xampp\\htdocs\\semester03\\BEKEN\\praktikum04\\vendor\\laravel\\framework\\src\\Illuminate\\Container\\BoundMethod.php(95): Illuminate\\Container\\Util::unwrapIfClosure(Object(Closure))
#15 C:\\xampp\\htdocs\\semester03\\BEKEN\\praktikum04\\vendor\\laravel\\framework\\src\\Illuminate\\Container\\BoundMethod.php(35): Illuminate\\Container\\BoundMethod::callBoundMethod(Object(Illuminate\\Foundation\\Application), Array, Object(Closure))
#16 C:\\xampp\\htdocs\\semester03\\BEKEN\\praktikum04\\vendor\\laravel\\framework\\src\\Illuminate\\Container\\Container.php(690): Illuminate\\Container\\BoundMethod::call(Object(Illuminate\\Foundation\\Application), Array, Array, NULL)
#17 C:\\xampp\\htdocs\\semester03\\BEKEN\\praktikum04\\vendor\\laravel\\framework\\src\\Illuminate\\Console\\Command.php(213): Illuminate\\Container\\Container->call(Array)
#18 C:\\xampp\\htdocs\\semester03\\BEKEN\\praktikum04\\vendor\\symfony\\console\\Command\\Command.php(279): Illuminate\\Console\\Command->execute(Object(Symfony\\Component\\Console\\Input\\ArgvInput), Object(Illuminate\\Console\\OutputStyle))
#19 C:\\xampp\\htdocs\\semester03\\BEKEN\\praktikum04\\vendor\\laravel\\framework\\src\\Illuminate\\Console\\Command.php(182): Symfony\\Component\\Console\\Command\\Command->run(Object(Symfony\\Component\\Console\\Input\\ArgvInput), Object(Illuminate\\Console\\OutputStyle))
#20 C:\\xampp\\htdocs\\semester03\\BEKEN\\praktikum04\\vendor\\symfony\\console\\Application.php(1047): Illuminate\\Console\\Command->run(Object(Symfony\\Component\\Console\\Input\\ArgvInput), Object(Symfony\\Component\\Console\\Output\\ConsoleOutput))
#21 C:\\xampp\\htdocs\\semester03\\BEKEN\\praktikum04\\vendor\\symfony\\console\\Application.php(316): Symfony\\Component\\Console\\Application->doRunCommand(Object(Illuminate\\Foundation\\Console\\ServeCommand), Object(Symfony\\Component\\Console\\Input\\ArgvInput), Object(Symfony\\Component\\Console\\Output\\ConsoleOutput))
#22 C:\\xampp\\htdocs\\semester03\\BEKEN\\praktikum04\\vendor\\symfony\\console\\Application.php(167): Symfony\\Component\\Console\\Application->doRun(Object(Symfony\\Component\\Console\\Input\\ArgvInput), Object(Symfony\\Component\\Console\\Output\\ConsoleOutput))
#23 C:\\xampp\\htdocs\\semester03\\BEKEN\\praktikum04\\vendor\\laravel\\framework\\src\\Illuminate\\Foundation\\Console\\Kernel.php(197): Symfony\\Component\\Console\\Application->run(Object(Symfony\\Component\\Console\\Input\\ArgvInput), Object(Symfony\\Component\\Console\\Output\\ConsoleOutput))
#24 C:\\xampp\\htdocs\\semester03\\BEKEN\\praktikum04\\vendor\\laravel\\framework\\src\\Illuminate\\Foundation\\Application.php(1203): Illuminate\\Foundation\\Console\\Kernel->handle(Object(Symfony\\Component\\Console\\Input\\ArgvInput), Object(Symfony\\Component\\Console\\Output\\ConsoleOutput))
#25 C:\\xampp\\htdocs\\semester03\\BEKEN\\praktikum04\\artisan(13): Illuminate\\Foundation\\Application->handleCommand(Object(Symfony\\Component\\Console\\Input\\ArgvInput))
#26 {main}
"} 
[2024-10-16 08:05:55] local.ERROR: Undefined array key 1 {"exception":"[object] (ErrorException(code: 0): Undefined array key 1 at C:\\xampp\\htdocs\\semester03\\BEKEN\\praktikum04\\vendor\\laravel\\framework\\src\\Illuminate\\Foundation\\Console\\ServeCommand.php:368)
[stacktrace]
#0 C:\\xampp\\htdocs\\semester03\\BEKEN\\praktikum04\\vendor\\laravel\\framework\\src\\Illuminate\\Foundation\\Bootstrap\\HandleExceptions.php(256): Illuminate\\Foundation\\Bootstrap\\HandleExceptions->handleError(2, 'Undefined array...', 'C:\\\\xampp\\\\htdocs...', 368)
#1 C:\\xampp\\htdocs\\semester03\\BEKEN\\praktikum04\\vendor\\laravel\\framework\\src\\Illuminate\\Foundation\\Console\\ServeCommand.php(368): Illuminate\\Foundation\\Bootstrap\\HandleExceptions->Illuminate\\Foundation\\Bootstrap\\{closure}(2, 'Undefined array...', 'C:\\\\xampp\\\\htdocs...', 368)
#2 C:\\xampp\\htdocs\\semester03\\BEKEN\\praktikum04\\vendor\\laravel\\framework\\src\\Illuminate\\Foundation\\Console\\ServeCommand.php(297): Illuminate\\Foundation\\Console\\ServeCommand->getDateFromLine('[Wed Oct 16 15:...')
#3 C:\\xampp\\htdocs\\semester03\\BEKEN\\praktikum04\\vendor\\laravel\\framework\\src\\Illuminate\\Collections\\Traits\\EnumeratesValues.php(257): Illuminate\\Foundation\\Console\\ServeCommand->Illuminate\\Foundation\\Console\\{closure}('[Wed Oct 16 15:...', 0)
#4 C:\\xampp\\htdocs\\semester03\\BEKEN\\praktikum04\\vendor\\laravel\\framework\\src\\Illuminate\\Foundation\\Console\\ServeCommand.php(279): Illuminate\\Support\\Collection->each(Object(Closure))
#5 C:\\xampp\\htdocs\\semester03\\BEKEN\\praktikum04\\vendor\\laravel\\framework\\src\\Illuminate\\Foundation\\Console\\ServeCommand.php(261): Illuminate\\Foundation\\Console\\ServeCommand->flushOutputBuffer()
#6 C:\\xampp\\htdocs\\semester03\\BEKEN\\praktikum04\\vendor\\symfony\\process\\Process.php(1311): Illuminate\\Foundation\\Console\\ServeCommand->Illuminate\\Foundation\\Console\\{closure}('err', '[Wed Oct 16 15:...')
#7 C:\\xampp\\htdocs\\semester03\\BEKEN\\praktikum04\\vendor\\symfony\\process\\Process.php(1422): Symfony\\Component\\Process\\Process->Symfony\\Component\\Process\\{closure}('err', '[Wed Oct 16 15:...')
#8 C:\\xampp\\htdocs\\semester03\\BEKEN\\praktikum04\\vendor\\symfony\\process\\Process.php(1342): Symfony\\Component\\Process\\Process->readPipes(false, false)
#9 C:\\xampp\\htdocs\\semester03\\BEKEN\\praktikum04\\vendor\\symfony\\process\\Process.php(865): Symfony\\Component\\Process\\Process->updateStatus(false)
#10 C:\\xampp\\htdocs\\semester03\\BEKEN\\praktikum04\\vendor\\laravel\\framework\\src\\Illuminate\\Foundation\\Console\\ServeCommand.php(105): Symfony\\Component\\Process\\Process->isRunning()
#11 C:\\xampp\\htdocs\\semester03\\BEKEN\\praktikum04\\vendor\\laravel\\framework\\src\\Illuminate\\Container\\BoundMethod.php(36): Illuminate\\Foundation\\Console\\ServeCommand->handle()
#12 C:\\xampp\\htdocs\\semester03\\BEKEN\\praktikum04\\vendor\\laravel\\framework\\src\\Illuminate\\Container\\Util.php(43): Illuminate\\Container\\BoundMethod::Illuminate\\Container\\{closure}()
#13 C:\\xampp\\htdocs\\semester03\\BEKEN\\praktikum04\\vendor\\laravel\\framework\\src\\Illuminate\\Container\\BoundMethod.php(95): Illuminate\\Container\\Util::unwrapIfClosure(Object(Closure))
#14 C:\\xampp\\htdocs\\semester03\\BEKEN\\praktikum04\\vendor\\laravel\\framework\\src\\Illuminate\\Container\\BoundMethod.php(35): Illuminate\\Container\\BoundMethod::callBoundMethod(Object(Illuminate\\Foundation\\Application), Array, Object(Closure))
#15 C:\\xampp\\htdocs\\semester03\\BEKEN\\praktikum04\\vendor\\laravel\\framework\\src\\Illuminate\\Container\\Container.php(690): Illuminate\\Container\\BoundMethod::call(Object(Illuminate\\Foundation\\Application), Array, Array, NULL)
#16 C:\\xampp\\htdocs\\semester03\\BEKEN\\praktikum04\\vendor\\laravel\\framework\\src\\Illuminate\\Console\\Command.php(213): Illuminate\\Container\\Container->call(Array)
#17 C:\\xampp\\htdocs\\semester03\\BEKEN\\praktikum04\\vendor\\symfony\\console\\Command\\Command.php(279): Illuminate\\Console\\Command->execute(Object(Symfony\\Component\\Console\\Input\\ArgvInput), Object(Illuminate\\Console\\OutputStyle))
#18 C:\\xampp\\htdocs\\semester03\\BEKEN\\praktikum04\\vendor\\laravel\\framework\\src\\Illuminate\\Console\\Command.php(182): Symfony\\Component\\Console\\Command\\Command->run(Object(Symfony\\Component\\Console\\Input\\ArgvInput), Object(Illuminate\\Console\\OutputStyle))
#19 C:\\xampp\\htdocs\\semester03\\BEKEN\\praktikum04\\vendor\\symfony\\console\\Application.php(1047): Illuminate\\Console\\Command->run(Object(Symfony\\Component\\Console\\Input\\ArgvInput), Object(Symfony\\Component\\Console\\Output\\ConsoleOutput))
#20 C:\\xampp\\htdocs\\semester03\\BEKEN\\praktikum04\\vendor\\symfony\\console\\Application.php(316): Symfony\\Component\\Console\\Application->doRunCommand(Object(Illuminate\\Foundation\\Console\\ServeCommand), Object(Symfony\\Component\\Console\\Input\\ArgvInput), Object(Symfony\\Component\\Console\\Output\\ConsoleOutput))
#21 C:\\xampp\\htdocs\\semester03\\BEKEN\\praktikum04\\vendor\\symfony\\console\\Application.php(167): Symfony\\Component\\Console\\Application->doRun(Object(Symfony\\Component\\Console\\Input\\ArgvInput), Object(Symfony\\Component\\Console\\Output\\ConsoleOutput))
#22 C:\\xampp\\htdocs\\semester03\\BEKEN\\praktikum04\\vendor\\laravel\\framework\\src\\Illuminate\\Foundation\\Console\\Kernel.php(197): Symfony\\Component\\Console\\Application->run(Object(Symfony\\Component\\Console\\Input\\ArgvInput), Object(Symfony\\Component\\Console\\Output\\ConsoleOutput))
#23 C:\\xampp\\htdocs\\semester03\\BEKEN\\praktikum04\\vendor\\laravel\\framework\\src\\Illuminate\\Foundation\\Application.php(1203): Illuminate\\Foundation\\Console\\Kernel->handle(Object(Symfony\\Component\\Console\\Input\\ArgvInput), Object(Symfony\\Component\\Console\\Output\\ConsoleOutput))
#24 C:\\xampp\\htdocs\\semester03\\BEKEN\\praktikum04\\artisan(13): Illuminate\\Foundation\\Application->handleCommand(Object(Symfony\\Component\\Console\\Input\\ArgvInput))
#25 {main}
"} 
[2024-10-16 08:08:40] local.ERROR: Undefined array key 1 {"exception":"[object] (ErrorException(code: 0): Undefined array key 1 at C:\\xampp\\htdocs\\semester03\\BEKEN\\praktikum04\\vendor\\laravel\\framework\\src\\Illuminate\\Foundation\\Console\\ServeCommand.php:368)
[stacktrace]
#0 C:\\xampp\\htdocs\\semester03\\BEKEN\\praktikum04\\vendor\\laravel\\framework\\src\\Illuminate\\Foundation\\Bootstrap\\HandleExceptions.php(256): Illuminate\\Foundation\\Bootstrap\\HandleExceptions->handleError(2, 'Undefined array...', 'C:\\\\xampp\\\\htdocs...', 368)
#1 C:\\xampp\\htdocs\\semester03\\BEKEN\\praktikum04\\vendor\\laravel\\framework\\src\\Illuminate\\Foundation\\Console\\ServeCommand.php(368): Illuminate\\Foundation\\Bootstrap\\HandleExceptions->Illuminate\\Foundation\\Bootstrap\\{closure}(2, 'Undefined array...', 'C:\\\\xampp\\\\htdocs...', 368)
#2 C:\\xampp\\htdocs\\semester03\\BEKEN\\praktikum04\\vendor\\laravel\\framework\\src\\Illuminate\\Foundation\\Console\\ServeCommand.php(297): Illuminate\\Foundation\\Console\\ServeCommand->getDateFromLine('[Wed Oct 16 15:...')
#3 C:\\xampp\\htdocs\\semester03\\BEKEN\\praktikum04\\vendor\\laravel\\framework\\src\\Illuminate\\Collections\\Traits\\EnumeratesValues.php(257): Illuminate\\Foundation\\Console\\ServeCommand->Illuminate\\Foundation\\Console\\{closure}('[Wed Oct 16 15:...', 0)
#4 C:\\xampp\\htdocs\\semester03\\BEKEN\\praktikum04\\vendor\\laravel\\framework\\src\\Illuminate\\Foundation\\Console\\ServeCommand.php(279): Illuminate\\Support\\Collection->each(Object(Closure))
#5 C:\\xampp\\htdocs\\semester03\\BEKEN\\praktikum04\\vendor\\laravel\\framework\\src\\Illuminate\\Foundation\\Console\\ServeCommand.php(261): Illuminate\\Foundation\\Console\\ServeCommand->flushOutputBuffer()
#6 C:\\xampp\\htdocs\\semester03\\BEKEN\\praktikum04\\vendor\\symfony\\process\\Process.php(1311): Illuminate\\Foundation\\Console\\ServeCommand->Illuminate\\Foundation\\Console\\{closure}('err', '[Wed Oct 16 15:...')
#7 C:\\xampp\\htdocs\\semester03\\BEKEN\\praktikum04\\vendor\\symfony\\process\\Process.php(1422): Symfony\\Component\\Process\\Process->Symfony\\Component\\Process\\{closure}('err', '[Wed Oct 16 15:...')
#8 C:\\xampp\\htdocs\\semester03\\BEKEN\\praktikum04\\vendor\\symfony\\process\\Process.php(1342): Symfony\\Component\\Process\\Process->readPipes(false, false)
#9 C:\\xampp\\htdocs\\semester03\\BEKEN\\praktikum04\\vendor\\symfony\\process\\Process.php(865): Symfony\\Component\\Process\\Process->updateStatus(false)
#10 C:\\xampp\\htdocs\\semester03\\BEKEN\\praktikum04\\vendor\\laravel\\framework\\src\\Illuminate\\Foundation\\Console\\ServeCommand.php(105): Symfony\\Component\\Process\\Process->isRunning()
#11 C:\\xampp\\htdocs\\semester03\\BEKEN\\praktikum04\\vendor\\laravel\\framework\\src\\Illuminate\\Container\\BoundMethod.php(36): Illuminate\\Foundation\\Console\\ServeCommand->handle()
#12 C:\\xampp\\htdocs\\semester03\\BEKEN\\praktikum04\\vendor\\laravel\\framework\\src\\Illuminate\\Container\\Util.php(43): Illuminate\\Container\\BoundMethod::Illuminate\\Container\\{closure}()
#13 C:\\xampp\\htdocs\\semester03\\BEKEN\\praktikum04\\vendor\\laravel\\framework\\src\\Illuminate\\Container\\BoundMethod.php(95): Illuminate\\Container\\Util::unwrapIfClosure(Object(Closure))
#14 C:\\xampp\\htdocs\\semester03\\BEKEN\\praktikum04\\vendor\\laravel\\framework\\src\\Illuminate\\Container\\BoundMethod.php(35): Illuminate\\Container\\BoundMethod::callBoundMethod(Object(Illuminate\\Foundation\\Application), Array, Object(Closure))
#15 C:\\xampp\\htdocs\\semester03\\BEKEN\\praktikum04\\vendor\\laravel\\framework\\src\\Illuminate\\Container\\Container.php(690): Illuminate\\Container\\BoundMethod::call(Object(Illuminate\\Foundation\\Application), Array, Array, NULL)
#16 C:\\xampp\\htdocs\\semester03\\BEKEN\\praktikum04\\vendor\\laravel\\framework\\src\\Illuminate\\Console\\Command.php(213): Illuminate\\Container\\Container->call(Array)
#17 C:\\xampp\\htdocs\\semester03\\BEKEN\\praktikum04\\vendor\\symfony\\console\\Command\\Command.php(279): Illuminate\\Console\\Command->execute(Object(Symfony\\Component\\Console\\Input\\ArgvInput), Object(Illuminate\\Console\\OutputStyle))
#18 C:\\xampp\\htdocs\\semester03\\BEKEN\\praktikum04\\vendor\\laravel\\framework\\src\\Illuminate\\Console\\Command.php(182): Symfony\\Component\\Console\\Command\\Command->run(Object(Symfony\\Component\\Console\\Input\\ArgvInput), Object(Illuminate\\Console\\OutputStyle))
#19 C:\\xampp\\htdocs\\semester03\\BEKEN\\praktikum04\\vendor\\symfony\\console\\Application.php(1047): Illuminate\\Console\\Command->run(Object(Symfony\\Component\\Console\\Input\\ArgvInput), Object(Symfony\\Component\\Console\\Output\\ConsoleOutput))
#20 C:\\xampp\\htdocs\\semester03\\BEKEN\\praktikum04\\vendor\\symfony\\console\\Application.php(316): Symfony\\Component\\Console\\Application->doRunCommand(Object(Illuminate\\Foundation\\Console\\ServeCommand), Object(Symfony\\Component\\Console\\Input\\ArgvInput), Object(Symfony\\Component\\Console\\Output\\ConsoleOutput))
#21 C:\\xampp\\htdocs\\semester03\\BEKEN\\praktikum04\\vendor\\symfony\\console\\Application.php(167): Symfony\\Component\\Console\\Application->doRun(Object(Symfony\\Component\\Console\\Input\\ArgvInput), Object(Symfony\\Component\\Console\\Output\\ConsoleOutput))
#22 C:\\xampp\\htdocs\\semester03\\BEKEN\\praktikum04\\vendor\\laravel\\framework\\src\\Illuminate\\Foundation\\Console\\Kernel.php(197): Symfony\\Component\\Console\\Application->run(Object(Symfony\\Component\\Console\\Input\\ArgvInput), Object(Symfony\\Component\\Console\\Output\\ConsoleOutput))
#23 C:\\xampp\\htdocs\\semester03\\BEKEN\\praktikum04\\vendor\\laravel\\framework\\src\\Illuminate\\Foundation\\Application.php(1203): Illuminate\\Foundation\\Console\\Kernel->handle(Object(Symfony\\Component\\Console\\Input\\ArgvInput), Object(Symfony\\Component\\Console\\Output\\ConsoleOutput))
#24 C:\\xampp\\htdocs\\semester03\\BEKEN\\praktikum04\\artisan(13): Illuminate\\Foundation\\Application->handleCommand(Object(Symfony\\Component\\Console\\Input\\ArgvInput))
#25 {main}
"} 
[2024-10-16 08:11:48] local.ERROR: Undefined array key 1 {"exception":"[object] (ErrorException(code: 0): Undefined array key 1 at C:\\xampp\\htdocs\\semester03\\BEKEN\\praktikum04\\vendor\\laravel\\framework\\src\\Illuminate\\Foundation\\Console\\ServeCommand.php:368)
[stacktrace]
#0 C:\\xampp\\htdocs\\semester03\\BEKEN\\praktikum04\\vendor\\laravel\\framework\\src\\Illuminate\\Foundation\\Bootstrap\\HandleExceptions.php(256): Illuminate\\Foundation\\Bootstrap\\HandleExceptions->handleError(2, 'Undefined array...', 'C:\\\\xampp\\\\htdocs...', 368)
#1 C:\\xampp\\htdocs\\semester03\\BEKEN\\praktikum04\\vendor\\laravel\\framework\\src\\Illuminate\\Foundation\\Console\\ServeCommand.php(368): Illuminate\\Foundation\\Bootstrap\\HandleExceptions->Illuminate\\Foundation\\Bootstrap\\{closure}(2, 'Undefined array...', 'C:\\\\xampp\\\\htdocs...', 368)
#2 C:\\xampp\\htdocs\\semester03\\BEKEN\\praktikum04\\vendor\\laravel\\framework\\src\\Illuminate\\Foundation\\Console\\ServeCommand.php(297): Illuminate\\Foundation\\Console\\ServeCommand->getDateFromLine('[Wed Oct 16 15:...')
#3 C:\\xampp\\htdocs\\semester03\\BEKEN\\praktikum04\\vendor\\laravel\\framework\\src\\Illuminate\\Collections\\Traits\\EnumeratesValues.php(257): Illuminate\\Foundation\\Console\\ServeCommand->Illuminate\\Foundation\\Console\\{closure}('[Wed Oct 16 15:...', 0)
#4 C:\\xampp\\htdocs\\semester03\\BEKEN\\praktikum04\\vendor\\laravel\\framework\\src\\Illuminate\\Foundation\\Console\\ServeCommand.php(279): Illuminate\\Support\\Collection->each(Object(Closure))
#5 C:\\xampp\\htdocs\\semester03\\BEKEN\\praktikum04\\vendor\\laravel\\framework\\src\\Illuminate\\Foundation\\Console\\ServeCommand.php(261): Illuminate\\Foundation\\Console\\ServeCommand->flushOutputBuffer()
#6 C:\\xampp\\htdocs\\semester03\\BEKEN\\praktikum04\\vendor\\symfony\\process\\Process.php(1311): Illuminate\\Foundation\\Console\\ServeCommand->Illuminate\\Foundation\\Console\\{closure}('err', '[Wed Oct 16 15:...')
#7 C:\\xampp\\htdocs\\semester03\\BEKEN\\praktikum04\\vendor\\symfony\\process\\Process.php(1422): Symfony\\Component\\Process\\Process->Symfony\\Component\\Process\\{closure}('err', '[Wed Oct 16 15:...')
#8 C:\\xampp\\htdocs\\semester03\\BEKEN\\praktikum04\\vendor\\symfony\\process\\Process.php(1342): Symfony\\Component\\Process\\Process->readPipes(false, false)
#9 C:\\xampp\\htdocs\\semester03\\BEKEN\\praktikum04\\vendor\\symfony\\process\\Process.php(865): Symfony\\Component\\Process\\Process->updateStatus(false)
#10 C:\\xampp\\htdocs\\semester03\\BEKEN\\praktikum04\\vendor\\laravel\\framework\\src\\Illuminate\\Foundation\\Console\\ServeCommand.php(105): Symfony\\Component\\Process\\Process->isRunning()
#11 C:\\xampp\\htdocs\\semester03\\BEKEN\\praktikum04\\vendor\\laravel\\framework\\src\\Illuminate\\Container\\BoundMethod.php(36): Illuminate\\Foundation\\Console\\ServeCommand->handle()
#12 C:\\xampp\\htdocs\\semester03\\BEKEN\\praktikum04\\vendor\\laravel\\framework\\src\\Illuminate\\Container\\Util.php(43): Illuminate\\Container\\BoundMethod::Illuminate\\Container\\{closure}()
#13 C:\\xampp\\htdocs\\semester03\\BEKEN\\praktikum04\\vendor\\laravel\\framework\\src\\Illuminate\\Container\\BoundMethod.php(95): Illuminate\\Container\\Util::unwrapIfClosure(Object(Closure))
#14 C:\\xampp\\htdocs\\semester03\\BEKEN\\praktikum04\\vendor\\laravel\\framework\\src\\Illuminate\\Container\\BoundMethod.php(35): Illuminate\\Container\\BoundMethod::callBoundMethod(Object(Illuminate\\Foundation\\Application), Array, Object(Closure))
#15 C:\\xampp\\htdocs\\semester03\\BEKEN\\praktikum04\\vendor\\laravel\\framework\\src\\Illuminate\\Container\\Container.php(690): Illuminate\\Container\\BoundMethod::call(Object(Illuminate\\Foundation\\Application), Array, Array, NULL)
#16 C:\\xampp\\htdocs\\semester03\\BEKEN\\praktikum04\\vendor\\laravel\\framework\\src\\Illuminate\\Console\\Command.php(213): Illuminate\\Container\\Container->call(Array)
#17 C:\\xampp\\htdocs\\semester03\\BEKEN\\praktikum04\\vendor\\symfony\\console\\Command\\Command.php(279): Illuminate\\Console\\Command->execute(Object(Symfony\\Component\\Console\\Input\\ArgvInput), Object(Illuminate\\Console\\OutputStyle))
#18 C:\\xampp\\htdocs\\semester03\\BEKEN\\praktikum04\\vendor\\laravel\\framework\\src\\Illuminate\\Console\\Command.php(182): Symfony\\Component\\Console\\Command\\Command->run(Object(Symfony\\Component\\Console\\Input\\ArgvInput), Object(Illuminate\\Console\\OutputStyle))
#19 C:\\xampp\\htdocs\\semester03\\BEKEN\\praktikum04\\vendor\\symfony\\console\\Application.php(1047): Illuminate\\Console\\Command->run(Object(Symfony\\Component\\Console\\Input\\ArgvInput), Object(Symfony\\Component\\Console\\Output\\ConsoleOutput))
#20 C:\\xampp\\htdocs\\semester03\\BEKEN\\praktikum04\\vendor\\symfony\\console\\Application.php(316): Symfony\\Component\\Console\\Application->doRunCommand(Object(Illuminate\\Foundation\\Console\\ServeCommand), Object(Symfony\\Component\\Console\\Input\\ArgvInput), Object(Symfony\\Component\\Console\\Output\\ConsoleOutput))
#21 C:\\xampp\\htdocs\\semester03\\BEKEN\\praktikum04\\vendor\\symfony\\console\\Application.php(167): Symfony\\Component\\Console\\Application->doRun(Object(Symfony\\Component\\Console\\Input\\ArgvInput), Object(Symfony\\Component\\Console\\Output\\ConsoleOutput))
#22 C:\\xampp\\htdocs\\semester03\\BEKEN\\praktikum04\\vendor\\laravel\\framework\\src\\Illuminate\\Foundation\\Console\\Kernel.php(197): Symfony\\Component\\Console\\Application->run(Object(Symfony\\Component\\Console\\Input\\ArgvInput), Object(Symfony\\Component\\Console\\Output\\ConsoleOutput))
#23 C:\\xampp\\htdocs\\semester03\\BEKEN\\praktikum04\\vendor\\laravel\\framework\\src\\Illuminate\\Foundation\\Application.php(1203): Illuminate\\Foundation\\Console\\Kernel->handle(Object(Symfony\\Component\\Console\\Input\\ArgvInput), Object(Symfony\\Component\\Console\\Output\\ConsoleOutput))
#24 C:\\xampp\\htdocs\\semester03\\BEKEN\\praktikum04\\artisan(13): Illuminate\\Foundation\\Application->handleCommand(Object(Symfony\\Component\\Console\\Input\\ArgvInput))
#25 {main}
"} 
[2024-10-18 06:38:52] local.ERROR: Undefined array key 1 {"exception":"[object] (ErrorException(code: 0): Undefined array key 1 at C:\\xampp\\htdocs\\semester03\\BEKEN\\praktikum04\\vendor\\laravel\\framework\\src\\Illuminate\\Foundation\\Console\\ServeCommand.php:368)
[stacktrace]
#0 C:\\xampp\\htdocs\\semester03\\BEKEN\\praktikum04\\vendor\\laravel\\framework\\src\\Illuminate\\Foundation\\Bootstrap\\HandleExceptions.php(256): Illuminate\\Foundation\\Bootstrap\\HandleExceptions->handleError(2, 'Undefined array...', 'C:\\\\xampp\\\\htdocs...', 368)
#1 C:\\xampp\\htdocs\\semester03\\BEKEN\\praktikum04\\vendor\\laravel\\framework\\src\\Illuminate\\Foundation\\Console\\ServeCommand.php(368): Illuminate\\Foundation\\Bootstrap\\HandleExceptions->Illuminate\\Foundation\\Bootstrap\\{closure}(2, 'Undefined array...', 'C:\\\\xampp\\\\htdocs...', 368)
#2 C:\\xampp\\htdocs\\semester03\\BEKEN\\praktikum04\\vendor\\laravel\\framework\\src\\Illuminate\\Foundation\\Console\\ServeCommand.php(297): Illuminate\\Foundation\\Console\\ServeCommand->getDateFromLine('[Fri Oct 18 13:...')
#3 C:\\xampp\\htdocs\\semester03\\BEKEN\\praktikum04\\vendor\\laravel\\framework\\src\\Illuminate\\Collections\\Traits\\EnumeratesValues.php(257): Illuminate\\Foundation\\Console\\ServeCommand->Illuminate\\Foundation\\Console\\{closure}('[Fri Oct 18 13:...', 0)
#4 C:\\xampp\\htdocs\\semester03\\BEKEN\\praktikum04\\vendor\\laravel\\framework\\src\\Illuminate\\Foundation\\Console\\ServeCommand.php(279): Illuminate\\Support\\Collection->each(Object(Closure))
#5 C:\\xampp\\htdocs\\semester03\\BEKEN\\praktikum04\\vendor\\laravel\\framework\\src\\Illuminate\\Foundation\\Console\\ServeCommand.php(261): Illuminate\\Foundation\\Console\\ServeCommand->flushOutputBuffer()
#6 C:\\xampp\\htdocs\\semester03\\BEKEN\\praktikum04\\vendor\\symfony\\process\\Process.php(1311): Illuminate\\Foundation\\Console\\ServeCommand->Illuminate\\Foundation\\Console\\{closure}('err', '[Fri Oct 18 13:...')
#7 C:\\xampp\\htdocs\\semester03\\BEKEN\\praktikum04\\vendor\\symfony\\process\\Process.php(1422): Symfony\\Component\\Process\\Process->Symfony\\Component\\Process\\{closure}('err', '[Fri Oct 18 13:...')
#8 C:\\xampp\\htdocs\\semester03\\BEKEN\\praktikum04\\vendor\\symfony\\process\\Process.php(1342): Symfony\\Component\\Process\\Process->readPipes(false, false)
#9 C:\\xampp\\htdocs\\semester03\\BEKEN\\praktikum04\\vendor\\symfony\\process\\Process.php(865): Symfony\\Component\\Process\\Process->updateStatus(false)
#10 C:\\xampp\\htdocs\\semester03\\BEKEN\\praktikum04\\vendor\\laravel\\framework\\src\\Illuminate\\Foundation\\Console\\ServeCommand.php(105): Symfony\\Component\\Process\\Process->isRunning()
#11 C:\\xampp\\htdocs\\semester03\\BEKEN\\praktikum04\\vendor\\laravel\\framework\\src\\Illuminate\\Container\\BoundMethod.php(36): Illuminate\\Foundation\\Console\\ServeCommand->handle()
#12 C:\\xampp\\htdocs\\semester03\\BEKEN\\praktikum04\\vendor\\laravel\\framework\\src\\Illuminate\\Container\\Util.php(43): Illuminate\\Container\\BoundMethod::Illuminate\\Container\\{closure}()
#13 C:\\xampp\\htdocs\\semester03\\BEKEN\\praktikum04\\vendor\\laravel\\framework\\src\\Illuminate\\Container\\BoundMethod.php(95): Illuminate\\Container\\Util::unwrapIfClosure(Object(Closure))
#14 C:\\xampp\\htdocs\\semester03\\BEKEN\\praktikum04\\vendor\\laravel\\framework\\src\\Illuminate\\Container\\BoundMethod.php(35): Illuminate\\Container\\BoundMethod::callBoundMethod(Object(Illuminate\\Foundation\\Application), Array, Object(Closure))
#15 C:\\xampp\\htdocs\\semester03\\BEKEN\\praktikum04\\vendor\\laravel\\framework\\src\\Illuminate\\Container\\Container.php(690): Illuminate\\Container\\BoundMethod::call(Object(Illuminate\\Foundation\\Application), Array, Array, NULL)
#16 C:\\xampp\\htdocs\\semester03\\BEKEN\\praktikum04\\vendor\\laravel\\framework\\src\\Illuminate\\Console\\Command.php(213): Illuminate\\Container\\Container->call(Array)
#17 C:\\xampp\\htdocs\\semester03\\BEKEN\\praktikum04\\vendor\\symfony\\console\\Command\\Command.php(279): Illuminate\\Console\\Command->execute(Object(Symfony\\Component\\Console\\Input\\ArgvInput), Object(Illuminate\\Console\\OutputStyle))
#18 C:\\xampp\\htdocs\\semester03\\BEKEN\\praktikum04\\vendor\\laravel\\framework\\src\\Illuminate\\Console\\Command.php(182): Symfony\\Component\\Console\\Command\\Command->run(Object(Symfony\\Component\\Console\\Input\\ArgvInput), Object(Illuminate\\Console\\OutputStyle))
#19 C:\\xampp\\htdocs\\semester03\\BEKEN\\praktikum04\\vendor\\symfony\\console\\Application.php(1047): Illuminate\\Console\\Command->run(Object(Symfony\\Component\\Console\\Input\\ArgvInput), Object(Symfony\\Component\\Console\\Output\\ConsoleOutput))
#20 C:\\xampp\\htdocs\\semester03\\BEKEN\\praktikum04\\vendor\\symfony\\console\\Application.php(316): Symfony\\Component\\Console\\Application->doRunCommand(Object(Illuminate\\Foundation\\Console\\ServeCommand), Object(Symfony\\Component\\Console\\Input\\ArgvInput), Object(Symfony\\Component\\Console\\Output\\ConsoleOutput))
#21 C:\\xampp\\htdocs\\semester03\\BEKEN\\praktikum04\\vendor\\symfony\\console\\Application.php(167): Symfony\\Component\\Console\\Application->doRun(Object(Symfony\\Component\\Console\\Input\\ArgvInput), Object(Symfony\\Component\\Console\\Output\\ConsoleOutput))
#22 C:\\xampp\\htdocs\\semester03\\BEKEN\\praktikum04\\vendor\\laravel\\framework\\src\\Illuminate\\Foundation\\Console\\Kernel.php(197): Symfony\\Component\\Console\\Application->run(Object(Symfony\\Component\\Console\\Input\\ArgvInput), Object(Symfony\\Component\\Console\\Output\\ConsoleOutput))
#23 C:\\xampp\\htdocs\\semester03\\BEKEN\\praktikum04\\vendor\\laravel\\framework\\src\\Illuminate\\Foundation\\Application.php(1203): Illuminate\\Foundation\\Console\\Kernel->handle(Object(Symfony\\Component\\Console\\Input\\ArgvInput), Object(Symfony\\Component\\Console\\Output\\ConsoleOutput))
#24 C:\\xampp\\htdocs\\semester03\\BEKEN\\praktikum04\\artisan(13): Illuminate\\Foundation\\Application->handleCommand(Object(Symfony\\Component\\Console\\Input\\ArgvInput))
#25 {main}
"} 
[2024-10-27 07:40:05] local.ERROR: Class "App\Http\Controllers\Student" not found {"exception":"[object] (Error(code: 0): Class \"App\\Http\\Controllers\\Student\" not found at C:\\xampp\\htdocs\\semester03\\BEKEN\\praktikum05\\app\\Http\\Controllers\\StudentController.php:14)
[stacktrace]
#0 C:\\xampp\\htdocs\\semester03\\BEKEN\\praktikum05\\vendor\\laravel\\framework\\src\\Illuminate\\Routing\\ControllerDispatcher.php(46): App\\Http\\Controllers\\StudentController->index()
#1 C:\\xampp\\htdocs\\semester03\\BEKEN\\praktikum05\\vendor\\laravel\\framework\\src\\Illuminate\\Routing\\Route.php(264): Illuminate\\Routing\\ControllerDispatcher->dispatch(Object(Illuminate\\Routing\\Route), Object(App\\Http\\Controllers\\StudentController), 'index')
#2 C:\\xampp\\htdocs\\semester03\\BEKEN\\praktikum05\\vendor\\laravel\\framework\\src\\Illuminate\\Routing\\Route.php(210): Illuminate\\Routing\\Route->runController()
#3 C:\\xampp\\htdocs\\semester03\\BEKEN\\praktikum05\\vendor\\laravel\\framework\\src\\Illuminate\\Routing\\Router.php(808): Illuminate\\Routing\\Route->run()
#4 C:\\xampp\\htdocs\\semester03\\BEKEN\\praktikum05\\vendor\\laravel\\framework\\src\\Illuminate\\Pipeline\\Pipeline.php(144): Illuminate\\Routing\\Router->Illuminate\\Routing\\{closure}(Object(Illuminate\\Http\\Request))
#5 C:\\xampp\\htdocs\\semester03\\BEKEN\\praktikum05\\vendor\\laravel\\framework\\src\\Illuminate\\Routing\\Middleware\\SubstituteBindings.php(51): Illuminate\\Pipeline\\Pipeline->Illuminate\\Pipeline\\{closure}(Object(Illuminate\\Http\\Request))
#6 C:\\xampp\\htdocs\\semester03\\BEKEN\\praktikum05\\vendor\\laravel\\framework\\src\\Illuminate\\Pipeline\\Pipeline.php(183): Illuminate\\Routing\\Middleware\\SubstituteBindings->handle(Object(Illuminate\\Http\\Request), Object(Closure))
#7 C:\\xampp\\htdocs\\semester03\\BEKEN\\praktikum05\\vendor\\laravel\\framework\\src\\Illuminate\\Pipeline\\Pipeline.php(119): Illuminate\\Pipeline\\Pipeline->Illuminate\\Pipeline\\{closure}(Object(Illuminate\\Http\\Request))
#8 C:\\xampp\\htdocs\\semester03\\BEKEN\\praktikum05\\vendor\\laravel\\framework\\src\\Illuminate\\Routing\\Router.php(807): Illuminate\\Pipeline\\Pipeline->then(Object(Closure))
#9 C:\\xampp\\htdocs\\semester03\\BEKEN\\praktikum05\\vendor\\laravel\\framework\\src\\Illuminate\\Routing\\Router.php(786): Illuminate\\Routing\\Router->runRouteWithinStack(Object(Illuminate\\Routing\\Route), Object(Illuminate\\Http\\Request))
#10 C:\\xampp\\htdocs\\semester03\\BEKEN\\praktikum05\\vendor\\laravel\\framework\\src\\Illuminate\\Routing\\Router.php(750): Illuminate\\Routing\\Router->runRoute(Object(Illuminate\\Http\\Request), Object(Illuminate\\Routing\\Route))
#11 C:\\xampp\\htdocs\\semester03\\BEKEN\\praktikum05\\vendor\\laravel\\framework\\src\\Illuminate\\Routing\\Router.php(739): Illuminate\\Routing\\Router->dispatchToRoute(Object(Illuminate\\Http\\Request))
#12 C:\\xampp\\htdocs\\semester03\\BEKEN\\praktikum05\\vendor\\laravel\\framework\\src\\Illuminate\\Foundation\\Http\\Kernel.php(201): Illuminate\\Routing\\Router->dispatch(Object(Illuminate\\Http\\Request))
#13 C:\\xampp\\htdocs\\semester03\\BEKEN\\praktikum05\\vendor\\laravel\\framework\\src\\Illuminate\\Pipeline\\Pipeline.php(144): Illuminate\\Foundation\\Http\\Kernel->Illuminate\\Foundation\\Http\\{closure}(Object(Illuminate\\Http\\Request))
#14 C:\\xampp\\htdocs\\semester03\\BEKEN\\praktikum05\\vendor\\laravel\\framework\\src\\Illuminate\\Foundation\\Http\\Middleware\\TransformsRequest.php(21): Illuminate\\Pipeline\\Pipeline->Illuminate\\Pipeline\\{closure}(Object(Illuminate\\Http\\Request))
#15 C:\\xampp\\htdocs\\semester03\\BEKEN\\praktikum05\\vendor\\laravel\\framework\\src\\Illuminate\\Foundation\\Http\\Middleware\\ConvertEmptyStringsToNull.php(31): Illuminate\\Foundation\\Http\\Middleware\\TransformsRequest->handle(Object(Illuminate\\Http\\Request), Object(Closure))
#16 C:\\xampp\\htdocs\\semester03\\BEKEN\\praktikum05\\vendor\\laravel\\framework\\src\\Illuminate\\Pipeline\\Pipeline.php(183): Illuminate\\Foundation\\Http\\Middleware\\ConvertEmptyStringsToNull->handle(Object(Illuminate\\Http\\Request), Object(Closure))
#17 C:\\xampp\\htdocs\\semester03\\BEKEN\\praktikum05\\vendor\\laravel\\framework\\src\\Illuminate\\Foundation\\Http\\Middleware\\TransformsRequest.php(21): Illuminate\\Pipeline\\Pipeline->Illuminate\\Pipeline\\{closure}(Object(Illuminate\\Http\\Request))
#18 C:\\xampp\\htdocs\\semester03\\BEKEN\\praktikum05\\vendor\\laravel\\framework\\src\\Illuminate\\Foundation\\Http\\Middleware\\TrimStrings.php(51): Illuminate\\Foundation\\Http\\Middleware\\TransformsRequest->handle(Object(Illuminate\\Http\\Request), Object(Closure))
#19 C:\\xampp\\htdocs\\semester03\\BEKEN\\praktikum05\\vendor\\laravel\\framework\\src\\Illuminate\\Pipeline\\Pipeline.php(183): Illuminate\\Foundation\\Http\\Middleware\\TrimStrings->handle(Object(Illuminate\\Http\\Request), Object(Closure))
#20 C:\\xampp\\htdocs\\semester03\\BEKEN\\praktikum05\\vendor\\laravel\\framework\\src\\Illuminate\\Http\\Middleware\\ValidatePostSize.php(27): Illuminate\\Pipeline\\Pipeline->Illuminate\\Pipeline\\{closure}(Object(Illuminate\\Http\\Request))
#21 C:\\xampp\\htdocs\\semester03\\BEKEN\\praktikum05\\vendor\\laravel\\framework\\src\\Illuminate\\Pipeline\\Pipeline.php(183): Illuminate\\Http\\Middleware\\ValidatePostSize->handle(Object(Illuminate\\Http\\Request), Object(Closure))
#22 C:\\xampp\\htdocs\\semester03\\BEKEN\\praktikum05\\vendor\\laravel\\framework\\src\\Illuminate\\Foundation\\Http\\Middleware\\PreventRequestsDuringMaintenance.php(110): Illuminate\\Pipeline\\Pipeline->Illuminate\\Pipeline\\{closure}(Object(Illuminate\\Http\\Request))
#23 C:\\xampp\\htdocs\\semester03\\BEKEN\\praktikum05\\vendor\\laravel\\framework\\src\\Illuminate\\Pipeline\\Pipeline.php(183): Illuminate\\Foundation\\Http\\Middleware\\PreventRequestsDuringMaintenance->handle(Object(Illuminate\\Http\\Request), Object(Closure))
#24 C:\\xampp\\htdocs\\semester03\\BEKEN\\praktikum05\\vendor\\laravel\\framework\\src\\Illuminate\\Http\\Middleware\\HandleCors.php(62): Illuminate\\Pipeline\\Pipeline->Illuminate\\Pipeline\\{closure}(Object(Illuminate\\Http\\Request))
#25 C:\\xampp\\htdocs\\semester03\\BEKEN\\praktikum05\\vendor\\laravel\\framework\\src\\Illuminate\\Pipeline\\Pipeline.php(183): Illuminate\\Http\\Middleware\\HandleCors->handle(Object(Illuminate\\Http\\Request), Object(Closure))
#26 C:\\xampp\\htdocs\\semester03\\BEKEN\\praktikum05\\vendor\\laravel\\framework\\src\\Illuminate\\Http\\Middleware\\TrustProxies.php(58): Illuminate\\Pipeline\\Pipeline->Illuminate\\Pipeline\\{closure}(Object(Illuminate\\Http\\Request))
#27 C:\\xampp\\htdocs\\semester03\\BEKEN\\praktikum05\\vendor\\laravel\\framework\\src\\Illuminate\\Pipeline\\Pipeline.php(183): Illuminate\\Http\\Middleware\\TrustProxies->handle(Object(Illuminate\\Http\\Request), Object(Closure))
#28 C:\\xampp\\htdocs\\semester03\\BEKEN\\praktikum05\\vendor\\laravel\\framework\\src\\Illuminate\\Foundation\\Http\\Middleware\\InvokeDeferredCallbacks.php(22): Illuminate\\Pipeline\\Pipeline->Illuminate\\Pipeline\\{closure}(Object(Illuminate\\Http\\Request))
#29 C:\\xampp\\htdocs\\semester03\\BEKEN\\praktikum05\\vendor\\laravel\\framework\\src\\Illuminate\\Pipeline\\Pipeline.php(183): Illuminate\\Foundation\\Http\\Middleware\\InvokeDeferredCallbacks->handle(Object(Illuminate\\Http\\Request), Object(Closure))
#30 C:\\xampp\\htdocs\\semester03\\BEKEN\\praktikum05\\vendor\\laravel\\framework\\src\\Illuminate\\Pipeline\\Pipeline.php(119): Illuminate\\Pipeline\\Pipeline->Illuminate\\Pipeline\\{closure}(Object(Illuminate\\Http\\Request))
#31 C:\\xampp\\htdocs\\semester03\\BEKEN\\praktikum05\\vendor\\laravel\\framework\\src\\Illuminate\\Foundation\\Http\\Kernel.php(176): Illuminate\\Pipeline\\Pipeline->then(Object(Closure))
#32 C:\\xampp\\htdocs\\semester03\\BEKEN\\praktikum05\\vendor\\laravel\\framework\\src\\Illuminate\\Foundation\\Http\\Kernel.php(145): Illuminate\\Foundation\\Http\\Kernel->sendRequestThroughRouter(Object(Illuminate\\Http\\Request))
#33 C:\\xampp\\htdocs\\semester03\\BEKEN\\praktikum05\\vendor\\laravel\\framework\\src\\Illuminate\\Foundation\\Application.php(1188): Illuminate\\Foundation\\Http\\Kernel->handle(Object(Illuminate\\Http\\Request))
#34 C:\\xampp\\htdocs\\semester03\\BEKEN\\praktikum05\\public\\index.php(17): Illuminate\\Foundation\\Application->handleRequest(Object(Illuminate\\Http\\Request))
#35 C:\\xampp\\htdocs\\semester03\\BEKEN\\praktikum05\\vendor\\laravel\\framework\\src\\Illuminate\\Foundation\\resources\\server.php(23): require_once('C:\\\\xampp\\\\htdocs...')
#36 {main}
"} 
[2024-10-27 07:46:48] local.ERROR: Class "App\Http\Controllers\Student" not found {"exception":"[object] (Error(code: 0): Class \"App\\Http\\Controllers\\Student\" not found at C:\\xampp\\htdocs\\semester03\\BEKEN\\praktikum05\\app\\Http\\Controllers\\StudentController.php:14)
[stacktrace]
#0 C:\\xampp\\htdocs\\semester03\\BEKEN\\praktikum05\\vendor\\laravel\\framework\\src\\Illuminate\\Routing\\ControllerDispatcher.php(46): App\\Http\\Controllers\\StudentController->index()
#1 C:\\xampp\\htdocs\\semester03\\BEKEN\\praktikum05\\vendor\\laravel\\framework\\src\\Illuminate\\Routing\\Route.php(264): Illuminate\\Routing\\ControllerDispatcher->dispatch(Object(Illuminate\\Routing\\Route), Object(App\\Http\\Controllers\\StudentController), 'index')
#2 C:\\xampp\\htdocs\\semester03\\BEKEN\\praktikum05\\vendor\\laravel\\framework\\src\\Illuminate\\Routing\\Route.php(210): Illuminate\\Routing\\Route->runController()
#3 C:\\xampp\\htdocs\\semester03\\BEKEN\\praktikum05\\vendor\\laravel\\framework\\src\\Illuminate\\Routing\\Router.php(808): Illuminate\\Routing\\Route->run()
#4 C:\\xampp\\htdocs\\semester03\\BEKEN\\praktikum05\\vendor\\laravel\\framework\\src\\Illuminate\\Pipeline\\Pipeline.php(144): Illuminate\\Routing\\Router->Illuminate\\Routing\\{closure}(Object(Illuminate\\Http\\Request))
#5 C:\\xampp\\htdocs\\semester03\\BEKEN\\praktikum05\\vendor\\laravel\\framework\\src\\Illuminate\\Routing\\Middleware\\SubstituteBindings.php(51): Illuminate\\Pipeline\\Pipeline->Illuminate\\Pipeline\\{closure}(Object(Illuminate\\Http\\Request))
#6 C:\\xampp\\htdocs\\semester03\\BEKEN\\praktikum05\\vendor\\laravel\\framework\\src\\Illuminate\\Pipeline\\Pipeline.php(183): Illuminate\\Routing\\Middleware\\SubstituteBindings->handle(Object(Illuminate\\Http\\Request), Object(Closure))
#7 C:\\xampp\\htdocs\\semester03\\BEKEN\\praktikum05\\vendor\\laravel\\framework\\src\\Illuminate\\Pipeline\\Pipeline.php(119): Illuminate\\Pipeline\\Pipeline->Illuminate\\Pipeline\\{closure}(Object(Illuminate\\Http\\Request))
#8 C:\\xampp\\htdocs\\semester03\\BEKEN\\praktikum05\\vendor\\laravel\\framework\\src\\Illuminate\\Routing\\Router.php(807): Illuminate\\Pipeline\\Pipeline->then(Object(Closure))
#9 C:\\xampp\\htdocs\\semester03\\BEKEN\\praktikum05\\vendor\\laravel\\framework\\src\\Illuminate\\Routing\\Router.php(786): Illuminate\\Routing\\Router->runRouteWithinStack(Object(Illuminate\\Routing\\Route), Object(Illuminate\\Http\\Request))
#10 C:\\xampp\\htdocs\\semester03\\BEKEN\\praktikum05\\vendor\\laravel\\framework\\src\\Illuminate\\Routing\\Router.php(750): Illuminate\\Routing\\Router->runRoute(Object(Illuminate\\Http\\Request), Object(Illuminate\\Routing\\Route))
#11 C:\\xampp\\htdocs\\semester03\\BEKEN\\praktikum05\\vendor\\laravel\\framework\\src\\Illuminate\\Routing\\Router.php(739): Illuminate\\Routing\\Router->dispatchToRoute(Object(Illuminate\\Http\\Request))
#12 C:\\xampp\\htdocs\\semester03\\BEKEN\\praktikum05\\vendor\\laravel\\framework\\src\\Illuminate\\Foundation\\Http\\Kernel.php(201): Illuminate\\Routing\\Router->dispatch(Object(Illuminate\\Http\\Request))
#13 C:\\xampp\\htdocs\\semester03\\BEKEN\\praktikum05\\vendor\\laravel\\framework\\src\\Illuminate\\Pipeline\\Pipeline.php(144): Illuminate\\Foundation\\Http\\Kernel->Illuminate\\Foundation\\Http\\{closure}(Object(Illuminate\\Http\\Request))
#14 C:\\xampp\\htdocs\\semester03\\BEKEN\\praktikum05\\vendor\\laravel\\framework\\src\\Illuminate\\Foundation\\Http\\Middleware\\TransformsRequest.php(21): Illuminate\\Pipeline\\Pipeline->Illuminate\\Pipeline\\{closure}(Object(Illuminate\\Http\\Request))
#15 C:\\xampp\\htdocs\\semester03\\BEKEN\\praktikum05\\vendor\\laravel\\framework\\src\\Illuminate\\Foundation\\Http\\Middleware\\ConvertEmptyStringsToNull.php(31): Illuminate\\Foundation\\Http\\Middleware\\TransformsRequest->handle(Object(Illuminate\\Http\\Request), Object(Closure))
#16 C:\\xampp\\htdocs\\semester03\\BEKEN\\praktikum05\\vendor\\laravel\\framework\\src\\Illuminate\\Pipeline\\Pipeline.php(183): Illuminate\\Foundation\\Http\\Middleware\\ConvertEmptyStringsToNull->handle(Object(Illuminate\\Http\\Request), Object(Closure))
#17 C:\\xampp\\htdocs\\semester03\\BEKEN\\praktikum05\\vendor\\laravel\\framework\\src\\Illuminate\\Foundation\\Http\\Middleware\\TransformsRequest.php(21): Illuminate\\Pipeline\\Pipeline->Illuminate\\Pipeline\\{closure}(Object(Illuminate\\Http\\Request))
#18 C:\\xampp\\htdocs\\semester03\\BEKEN\\praktikum05\\vendor\\laravel\\framework\\src\\Illuminate\\Foundation\\Http\\Middleware\\TrimStrings.php(51): Illuminate\\Foundation\\Http\\Middleware\\TransformsRequest->handle(Object(Illuminate\\Http\\Request), Object(Closure))
#19 C:\\xampp\\htdocs\\semester03\\BEKEN\\praktikum05\\vendor\\laravel\\framework\\src\\Illuminate\\Pipeline\\Pipeline.php(183): Illuminate\\Foundation\\Http\\Middleware\\TrimStrings->handle(Object(Illuminate\\Http\\Request), Object(Closure))
#20 C:\\xampp\\htdocs\\semester03\\BEKEN\\praktikum05\\vendor\\laravel\\framework\\src\\Illuminate\\Http\\Middleware\\ValidatePostSize.php(27): Illuminate\\Pipeline\\Pipeline->Illuminate\\Pipeline\\{closure}(Object(Illuminate\\Http\\Request))
#21 C:\\xampp\\htdocs\\semester03\\BEKEN\\praktikum05\\vendor\\laravel\\framework\\src\\Illuminate\\Pipeline\\Pipeline.php(183): Illuminate\\Http\\Middleware\\ValidatePostSize->handle(Object(Illuminate\\Http\\Request), Object(Closure))
#22 C:\\xampp\\htdocs\\semester03\\BEKEN\\praktikum05\\vendor\\laravel\\framework\\src\\Illuminate\\Foundation\\Http\\Middleware\\PreventRequestsDuringMaintenance.php(110): Illuminate\\Pipeline\\Pipeline->Illuminate\\Pipeline\\{closure}(Object(Illuminate\\Http\\Request))
#23 C:\\xampp\\htdocs\\semester03\\BEKEN\\praktikum05\\vendor\\laravel\\framework\\src\\Illuminate\\Pipeline\\Pipeline.php(183): Illuminate\\Foundation\\Http\\Middleware\\PreventRequestsDuringMaintenance->handle(Object(Illuminate\\Http\\Request), Object(Closure))
#24 C:\\xampp\\htdocs\\semester03\\BEKEN\\praktikum05\\vendor\\laravel\\framework\\src\\Illuminate\\Http\\Middleware\\HandleCors.php(62): Illuminate\\Pipeline\\Pipeline->Illuminate\\Pipeline\\{closure}(Object(Illuminate\\Http\\Request))
#25 C:\\xampp\\htdocs\\semester03\\BEKEN\\praktikum05\\vendor\\laravel\\framework\\src\\Illuminate\\Pipeline\\Pipeline.php(183): Illuminate\\Http\\Middleware\\HandleCors->handle(Object(Illuminate\\Http\\Request), Object(Closure))
#26 C:\\xampp\\htdocs\\semester03\\BEKEN\\praktikum05\\vendor\\laravel\\framework\\src\\Illuminate\\Http\\Middleware\\TrustProxies.php(58): Illuminate\\Pipeline\\Pipeline->Illuminate\\Pipeline\\{closure}(Object(Illuminate\\Http\\Request))
#27 C:\\xampp\\htdocs\\semester03\\BEKEN\\praktikum05\\vendor\\laravel\\framework\\src\\Illuminate\\Pipeline\\Pipeline.php(183): Illuminate\\Http\\Middleware\\TrustProxies->handle(Object(Illuminate\\Http\\Request), Object(Closure))
#28 C:\\xampp\\htdocs\\semester03\\BEKEN\\praktikum05\\vendor\\laravel\\framework\\src\\Illuminate\\Foundation\\Http\\Middleware\\InvokeDeferredCallbacks.php(22): Illuminate\\Pipeline\\Pipeline->Illuminate\\Pipeline\\{closure}(Object(Illuminate\\Http\\Request))
#29 C:\\xampp\\htdocs\\semester03\\BEKEN\\praktikum05\\vendor\\laravel\\framework\\src\\Illuminate\\Pipeline\\Pipeline.php(183): Illuminate\\Foundation\\Http\\Middleware\\InvokeDeferredCallbacks->handle(Object(Illuminate\\Http\\Request), Object(Closure))
#30 C:\\xampp\\htdocs\\semester03\\BEKEN\\praktikum05\\vendor\\laravel\\framework\\src\\Illuminate\\Pipeline\\Pipeline.php(119): Illuminate\\Pipeline\\Pipeline->Illuminate\\Pipeline\\{closure}(Object(Illuminate\\Http\\Request))
#31 C:\\xampp\\htdocs\\semester03\\BEKEN\\praktikum05\\vendor\\laravel\\framework\\src\\Illuminate\\Foundation\\Http\\Kernel.php(176): Illuminate\\Pipeline\\Pipeline->then(Object(Closure))
#32 C:\\xampp\\htdocs\\semester03\\BEKEN\\praktikum05\\vendor\\laravel\\framework\\src\\Illuminate\\Foundation\\Http\\Kernel.php(145): Illuminate\\Foundation\\Http\\Kernel->sendRequestThroughRouter(Object(Illuminate\\Http\\Request))
#33 C:\\xampp\\htdocs\\semester03\\BEKEN\\praktikum05\\vendor\\laravel\\framework\\src\\Illuminate\\Foundation\\Application.php(1188): Illuminate\\Foundation\\Http\\Kernel->handle(Object(Illuminate\\Http\\Request))
#34 C:\\xampp\\htdocs\\semester03\\BEKEN\\praktikum05\\public\\index.php(17): Illuminate\\Foundation\\Application->handleRequest(Object(Illuminate\\Http\\Request))
#35 C:\\xampp\\htdocs\\semester03\\BEKEN\\praktikum05\\vendor\\laravel\\framework\\src\\Illuminate\\Foundation\\resources\\server.php(23): require_once('C:\\\\xampp\\\\htdocs...')
#36 {main}
"} 
